INFO: [VRFC 10-163] Analyzing VHDL file "/media/juliana/LinFiles/Documents/GitHub/Sistemas-Digitais/Trabalho-2/PCPO/mult_matriz/mult_matriz.ip_user_files/ipstatic/xbip_utils_v3_0_5/hdl/xbip_utils_v3_0_vh_rfs.vhd" into library xbip_utils_v3_0_5
INFO: [VRFC 10-163] Analyzing VHDL file "/media/juliana/LinFiles/Documents/GitHub/Sistemas-Digitais/Trabalho-2/PCPO/mult_matriz/mult_matriz.ip_user_files/ipstatic/xbip_pipe_v3_0_1/hdl/xbip_pipe_v3_0_vh_rfs.vhd" into library xbip_pipe_v3_0_1
INFO: [VRFC 10-307] analyzing entity xbip_pipe_v3_0_1_viv
INFO: [VRFC 10-163] Analyzing VHDL file "/media/juliana/LinFiles/Documents/GitHub/Sistemas-Digitais/Trabalho-2/PCPO/mult_matriz/mult_matriz.ip_user_files/ipstatic/xbip_pipe_v3_0_1/hdl/xbip_pipe_v3_0.vhd" into library xbip_pipe_v3_0_1
INFO: [VRFC 10-307] analyzing entity xbip_pipe_v3_0_1
INFO: [VRFC 10-163] Analyzing VHDL file "/media/juliana/LinFiles/Documents/GitHub/Sistemas-Digitais/Trabalho-2/PCPO/mult_matriz/mult_matriz.ip_user_files/ipstatic/xbip_bram18k_v3_0_1/hdl/xbip_bram18k_v3_0_vh_rfs.vhd" into library xbip_bram18k_v3_0_1
INFO: [VRFC 10-307] analyzing entity xbip_bram18k_synth
INFO: [VRFC 10-307] analyzing entity xbip_bram18k_rtl
INFO: [VRFC 10-307] analyzing entity xbip_bram18k_v3_0_1_viv
INFO: [VRFC 10-163] Analyzing VHDL file "/media/juliana/LinFiles/Documents/GitHub/Sistemas-Digitais/Trabalho-2/PCPO/mult_matriz/mult_matriz.ip_user_files/ipstatic/xbip_bram18k_v3_0_1/hdl/xbip_bram18k_v3_0.vhd" into library xbip_bram18k_v3_0_1
INFO: [VRFC 10-307] analyzing entity xbip_bram18k_v3_0_1
INFO: [VRFC 10-163] Analyzing VHDL file "/media/juliana/LinFiles/Documents/GitHub/Sistemas-Digitais/Trabalho-2/PCPO/mult_matriz/mult_matriz.ip_user_files/ipstatic/mult_gen_v12_0_10/hdl/mult_gen_v12_0_vh_rfs.vhd" into library mult_gen_v12_0_10
INFO: [VRFC 10-307] analyzing entity op_resize
INFO: [VRFC 10-307] analyzing entity delay_line
INFO: [VRFC 10-307] analyzing entity cc_compare
INFO: [VRFC 10-307] analyzing entity luts
INFO: [VRFC 10-307] analyzing entity mult18
INFO: [VRFC 10-307] analyzing entity dsp
INFO: [VRFC 10-307] analyzing entity hybrid
INFO: [VRFC 10-307] analyzing entity ccm_dist_mem
INFO: [VRFC 10-307] analyzing entity ccm_sp_block_mem
INFO: [VRFC 10-307] analyzing entity ccm_dp_block_mem
INFO: [VRFC 10-307] analyzing entity ccm_syncmem
INFO: [VRFC 10-307] analyzing entity ccm_scaled_adder
INFO: [VRFC 10-307] analyzing entity ccm_operation
INFO: [VRFC 10-307] analyzing entity ccm
INFO: [VRFC 10-307] analyzing entity three_input_adder
INFO: [VRFC 10-307] analyzing entity multmxn_lut6
INFO: [VRFC 10-307] analyzing entity mult_gen_v12_0_10_viv
INFO: [VRFC 10-163] Analyzing VHDL file "/media/juliana/LinFiles/Documents/GitHub/Sistemas-Digitais/Trabalho-2/PCPO/mult_matriz/mult_matriz.ip_user_files/ipstatic/mult_gen_v12_0_10/hdl/mult_gen_v12_0.vhd" into library mult_gen_v12_0_10
INFO: [VRFC 10-307] analyzing entity mult_gen_v12_0_10
INFO: [VRFC 10-163] Analyzing VHDL file "/media/juliana/LinFiles/Documents/GitHub/Sistemas-Digitais/Trabalho-2/PCPO/mult_matriz/mult_matriz.srcs/sources_1/ip/multiplier/sim/multiplier.vhd" into library xil_defaultlib
INFO: [VRFC 10-307] analyzing entity multiplier
INFO: [VRFC 10-163] Analyzing VHDL file "/media/juliana/LinFiles/Documents/GitHub/Sistemas-Digitais/Trabalho-2/PCPO/mult_matriz/mult_matriz.srcs/sources_1/new/datapath.vhd" into library xil_defaultlib
INFO: [VRFC 10-307] analyzing entity datapath
INFO: [VRFC 10-163] Analyzing VHDL file "/media/juliana/LinFiles/Documents/GitHub/Sistemas-Digitais/Trabalho-2/PCPO/mult_matriz/mult_matriz.srcs/sim_1/new/sim.vhd" into library xil_defaultlib
INFO: [VRFC 10-307] analyzing entity datapath_neander_tb
INFO: [VRFC 10-163] Analyzing VHDL file "/media/juliana/LinFiles/Documents/GitHub/Sistemas-Digitais/Trabalho-2/PCPO/mult_matriz/mult_matriz.ip_user_files/ipstatic/xbip_utils_v3_0_5/hdl/xbip_utils_v3_0_vh_rfs.vhd" into library xbip_utils_v3_0_5
INFO: [VRFC 10-163] Analyzing VHDL file "/media/juliana/LinFiles/Documents/GitHub/Sistemas-Digitais/Trabalho-2/PCPO/mult_matriz/mult_matriz.ip_user_files/ipstatic/xbip_pipe_v3_0_1/hdl/xbip_pipe_v3_0_vh_rfs.vhd" into library xbip_pipe_v3_0_1
INFO: [VRFC 10-307] analyzing entity xbip_pipe_v3_0_1_viv
INFO: [VRFC 10-163] Analyzing VHDL file "/media/juliana/LinFiles/Documents/GitHub/Sistemas-Digitais/Trabalho-2/PCPO/mult_matriz/mult_matriz.ip_user_files/ipstatic/xbip_pipe_v3_0_1/hdl/xbip_pipe_v3_0.vhd" into library xbip_pipe_v3_0_1
INFO: [VRFC 10-307] analyzing entity xbip_pipe_v3_0_1
INFO: [VRFC 10-163] Analyzing VHDL file "/media/juliana/LinFiles/Documents/GitHub/Sistemas-Digitais/Trabalho-2/PCPO/mult_matriz/mult_matriz.ip_user_files/ipstatic/xbip_bram18k_v3_0_1/hdl/xbip_bram18k_v3_0_vh_rfs.vhd" into library xbip_bram18k_v3_0_1
INFO: [VRFC 10-307] analyzing entity xbip_bram18k_synth
INFO: [VRFC 10-307] analyzing entity xbip_bram18k_rtl
INFO: [VRFC 10-307] analyzing entity xbip_bram18k_v3_0_1_viv
INFO: [VRFC 10-163] Analyzing VHDL file "/media/juliana/LinFiles/Documents/GitHub/Sistemas-Digitais/Trabalho-2/PCPO/mult_matriz/mult_matriz.ip_user_files/ipstatic/xbip_bram18k_v3_0_1/hdl/xbip_bram18k_v3_0.vhd" into library xbip_bram18k_v3_0_1
INFO: [VRFC 10-307] analyzing entity xbip_bram18k_v3_0_1
INFO: [VRFC 10-163] Analyzing VHDL file "/media/juliana/LinFiles/Documents/GitHub/Sistemas-Digitais/Trabalho-2/PCPO/mult_matriz/mult_matriz.ip_user_files/ipstatic/mult_gen_v12_0_10/hdl/mult_gen_v12_0_vh_rfs.vhd" into library mult_gen_v12_0_10
INFO: [VRFC 10-307] analyzing entity op_resize
INFO: [VRFC 10-307] analyzing entity delay_line
INFO: [VRFC 10-307] analyzing entity cc_compare
INFO: [VRFC 10-307] analyzing entity luts
INFO: [VRFC 10-307] analyzing entity mult18
INFO: [VRFC 10-307] analyzing entity dsp
INFO: [VRFC 10-307] analyzing entity hybrid
INFO: [VRFC 10-307] analyzing entity ccm_dist_mem
INFO: [VRFC 10-307] analyzing entity ccm_sp_block_mem
INFO: [VRFC 10-307] analyzing entity ccm_dp_block_mem
INFO: [VRFC 10-307] analyzing entity ccm_syncmem
INFO: [VRFC 10-307] analyzing entity ccm_scaled_adder
INFO: [VRFC 10-307] analyzing entity ccm_operation
INFO: [VRFC 10-307] analyzing entity ccm
INFO: [VRFC 10-307] analyzing entity three_input_adder
INFO: [VRFC 10-307] analyzing entity multmxn_lut6
INFO: [VRFC 10-307] analyzing entity mult_gen_v12_0_10_viv
INFO: [VRFC 10-163] Analyzing VHDL file "/media/juliana/LinFiles/Documents/GitHub/Sistemas-Digitais/Trabalho-2/PCPO/mult_matriz/mult_matriz.ip_user_files/ipstatic/mult_gen_v12_0_10/hdl/mult_gen_v12_0.vhd" into library mult_gen_v12_0_10
INFO: [VRFC 10-307] analyzing entity mult_gen_v12_0_10
INFO: [VRFC 10-163] Analyzing VHDL file "/media/juliana/LinFiles/Documents/GitHub/Sistemas-Digitais/Trabalho-2/PCPO/mult_matriz/mult_matriz.srcs/sources_1/ip/multiplier/sim/multiplier.vhd" into library xil_defaultlib
INFO: [VRFC 10-307] analyzing entity multiplier
INFO: [VRFC 10-163] Analyzing VHDL file "/media/juliana/LinFiles/Documents/GitHub/Sistemas-Digitais/Trabalho-2/PCPO/mult_matriz/mult_matriz.srcs/sources_1/new/datapath.vhd" into library xil_defaultlib
INFO: [VRFC 10-307] analyzing entity datapath
INFO: [VRFC 10-163] Analyzing VHDL file "/media/juliana/LinFiles/Documents/GitHub/Sistemas-Digitais/Trabalho-2/PCPO/mult_matriz/mult_matriz.srcs/sim_1/new/sim.vhd" into library xil_defaultlib
INFO: [VRFC 10-307] analyzing entity datapath_neander_tb
