
*** Running vivado
    with args -log matrixmul_0.vds -m64 -product Vivado -mode batch -messageDb vivado.pb -notrace -source matrixmul_0.tcl


ECHO est  desativado.
ECHO est  desativado.

****** Vivado v2023.1 (64-bit)
  **** SW Build 3865809 on Sun May  7 15:05:29 MDT 2023
  **** IP Build 3864474 on Sun May  7 20:36:21 MDT 2023
  **** SharedData Build 3865790 on Sun May 07 13:33:03 MDT 2023
    ** Copyright 1986-2022 Xilinx, Inc. All Rights Reserved.
    ** Copyright 2022-2023 Advanced Micro Devices, Inc. All Rights Reserved.

source matrixmul_0.tcl -notrace
create_project: Time (s): cpu = 00:00:06 ; elapsed = 00:00:07 . Memory (MB): peak = 445.695 ; gain = 163.898
INFO: [IP_Flow 19-234] Refreshing IP repositories
INFO: [IP_Flow 19-1700] Loaded user IP repository 'd:/Sistemas-Digitais/Trabalho-2/hls/mm_perfomance'.
INFO: [IP_Flow 19-2313] Loaded Vivado IP repository 'D:/Xilinx/Vivado/2023.1/data/ip'.
WARNING: [IP_Flow 19-4995] The host OS only allows 260 characters in a normal path. The IP cache path is more than 80 characters. If you experience issues with IP caching, please consider changing the IP cache to a location with a shorter path. Alternately consider using the OS subst command to map part of the path to a drive letter. 
Current IP cache path is d:/Sistemas-Digitais/Trabalho-2/hls/solution_perfomance/solution_perfomance.cache/ip 
INFO: [IP_Flow 19-6924] IPCACHE: Running cache check for IP inst: matrixmul_0
INFO: [IP_Flow 19-6922] IPCACHE: Exporting cached entry c6094a37ebc463c4 to dir: D:/Sistemas-Digitais/Trabalho-2/hls/solution_perfomance/solution_perfomance.runs/matrixmul_0_synth_1
INFO: [IP_Flow 19-6928] IPCACHE: copied cached file d:/Sistemas-Digitais/Trabalho-2/hls/solution_perfomance/solution_perfomance.cache/ip/2023.1/c/6/c6094a37ebc463c4/matrixmul_0.dcp to D:/Sistemas-Digitais/Trabalho-2/hls/solution_perfomance/solution_perfomance.runs/matrixmul_0_synth_1/matrixmul_0.dcp.
INFO: [IP_Flow 19-6928] IPCACHE: copied cached file d:/Sistemas-Digitais/Trabalho-2/hls/solution_perfomance/solution_perfomance.cache/ip/2023.1/c/6/c6094a37ebc463c4/matrixmul_0_sim_netlist.v to D:/Sistemas-Digitais/Trabalho-2/hls/solution_perfomance/solution_perfomance.runs/matrixmul_0_synth_1/matrixmul_0_sim_netlist.v.
INFO: [IP_Flow 19-6928] IPCACHE: copied cached file d:/Sistemas-Digitais/Trabalho-2/hls/solution_perfomance/solution_perfomance.cache/ip/2023.1/c/6/c6094a37ebc463c4/matrixmul_0_sim_netlist.vhdl to D:/Sistemas-Digitais/Trabalho-2/hls/solution_perfomance/solution_perfomance.runs/matrixmul_0_synth_1/matrixmul_0_sim_netlist.vhdl.
INFO: [IP_Flow 19-6928] IPCACHE: copied cached file d:/Sistemas-Digitais/Trabalho-2/hls/solution_perfomance/solution_perfomance.cache/ip/2023.1/c/6/c6094a37ebc463c4/matrixmul_0_stub.v to D:/Sistemas-Digitais/Trabalho-2/hls/solution_perfomance/solution_perfomance.runs/matrixmul_0_synth_1/matrixmul_0_stub.v.
INFO: [IP_Flow 19-6928] IPCACHE: copied cached file d:/Sistemas-Digitais/Trabalho-2/hls/solution_perfomance/solution_perfomance.cache/ip/2023.1/c/6/c6094a37ebc463c4/matrixmul_0_stub.vhdl to D:/Sistemas-Digitais/Trabalho-2/hls/solution_perfomance/solution_perfomance.runs/matrixmul_0_synth_1/matrixmul_0_stub.vhdl.
INFO: [IP_Flow 19-4838] Using cached IP synthesis design for IP matrixmul_0, cache-ID = c6094a37ebc463c4.
INFO: [Common 17-206] Exiting Vivado at Tue Feb 20 00:19:05 2024...
