Vivado Simulator v2023.1
Copyright 1986-2022 Xilinx, Inc. All Rights Reserved.
Copyright 2022-2023 Advanced Micro Devices, Inc. All Rights Reserved.
Running: D:/Xilinx/Vivado/2023.1/bin/unwrapped/win64.o/xelab.exe --incr --debug typical --relax --mt 2 -L xil_defaultlib -L unisims_ver -L unimacro_ver -L secureip -L xpm --snapshot datapath_neander_tb_behav xil_defaultlib.datapath_neander_tb xil_defaultlib.glbl -log elaborate.log 
Using 2 slave threads.
Starting static elaboration
Pass Through NonSizing Optimizer
Completed static elaboration
Starting simulation data flow analysis
Completed simulation data flow analysis
Time Resolution for simulation is 1ps
Compiling package std.standard
Compiling package std.textio
Compiling package ieee.std_logic_1164
Compiling package ieee.numeric_std
Compiling package vl.vl_types
Compiling module xil_defaultlib.glbl
Compiling module xil_defaultlib.matrixmul_mul_8s_6s_8_1_1(NUM_ST...
Compiling module xil_defaultlib.matrixmul
Compiling module xil_defaultlib.matrixmul_0
Compiling architecture behavioral of entity xil_defaultlib.solution_perfomance [solution_perfomance_default]
Compiling architecture bench of entity xil_defaultlib.datapath_neander_tb
Built simulation snapshot datapath_neander_tb_behav
