ECHO est  desativado.
ECHO est  desativado.
NOTE: Using modified tcl85t.dll from https://gitenterprise.xilinx.com/ACT/vitis_hls_tcl
INFO: [HLS 200-10] Running 'D:/Xilinx/Vitis_HLS/2023.1/bin/unwrapped/win64.o/vitis_hls.exe'
INFO: [HLS 200-10] For user 'arthu' on host 'desktop-lit4fmj' (Windows NT_amd64 version 6.2) on Mon Feb 19 19:06:25 -0300 2024
INFO: [HLS 200-10] In directory 'D:/Sistemas-Digitais/Trabalho-2/hls'
Sourcing Tcl script 'D:/Sistemas-Digitais/Trabalho-2/hls/hls_matriz/solution_area/export.tcl'
INFO: [HLS 200-1510] Running: source D:/Sistemas-Digitais/Trabalho-2/hls/hls_matriz/solution_area/export.tcl
INFO: [HLS 200-1510] Running: open_project hls_matriz 
INFO: [HLS 200-10] Opening project 'D:/Sistemas-Digitais/Trabalho-2/hls/hls_matriz'.
INFO: [HLS 200-1510] Running: set_top matrixmul 
INFO: [HLS 200-1510] Running: add_files matrixmul.cpp 
INFO: [HLS 200-10] Adding design file 'matrixmul.cpp' to the project
INFO: [HLS 200-1510] Running: add_files matrixmul.h 
INFO: [HLS 200-10] Adding design file 'matrixmul.h' to the project
INFO: [HLS 200-1510] Running: add_files -tb matrixmul_test.cpp -cflags -Wno-unknown-pragmas 
INFO: [HLS 200-10] Adding test bench file 'matrixmul_test.cpp' to the project
INFO: [HLS 200-1510] Running: add_files -tb matrixmul_test2.cpp 
INFO: [HLS 200-10] Adding test bench file 'matrixmul_test2.cpp' to the project
INFO: [HLS 200-1510] Running: open_solution solution_area -flow_target vivado 
INFO: [HLS 200-10] Opening solution 'D:/Sistemas-Digitais/Trabalho-2/hls/hls_matriz/solution_area'.
INFO: [SYN 201-201] Setting up clock 'default' with a period of 10ns.
INFO: [HLS 200-1611] Setting target device to 'xc7a35t-csg325-1'
INFO: [HLS 200-1505] Using flow_target 'vivado'
Resolution: For help on HLS 200-1505 see www.xilinx.com/cgi-bin/docs/rdoc?v=2023.1;t=hls+guidance;d=200-1505.html
INFO: [HLS 200-1464] Running solution command: config_cosim -tool=xsim
INFO: [HLS 200-1464] Running solution command: config_export -format=ip_catalog
INFO: [HLS 200-1464] Running solution command: config_export -output=D:/Sistemas-Digitais/Trabalho-2/hls
INFO: [HLS 200-1464] Running solution command: config_export -rtl=verilog
INFO: [HLS 200-1510] Running: set_part xc7a35t-csg325-1 
INFO: [HLS 200-1510] Running: create_clock -period 10 -name default 
INFO: [HLS 200-1510] Running: config_cosim -tool xsim 
INFO: [HLS 200-1510] Running: config_export -format ip_catalog -output D:/Sistemas-Digitais/Trabalho-2/hls -rtl verilog 
INFO: [HLS 200-1510] Running: source ./hls_matriz/solution_area/directives.tcl
INFO: [HLS 200-1510] Running: set_directive_unroll matrixmul/Sum 
INFO: [HLS 200-1510] Running: set_directive_unroll matrixmul/R_row 
INFO: [HLS 200-1510] Running: set_directive_unroll matrixmul/R_col 
INFO: [HLS 200-1510] Running: set_directive_top -name matrixmul matrixmul 
INFO: [HLS 200-1510] Running: export_design -rtl verilog -format ip_catalog -output D:/Sistemas-Digitais/Trabalho-2/hls 
INFO: [IMPL 213-8] Exporting RTL as a Vivado IP.
ECHO est  desativado.
ECHO est  desativado.

****** Vivado v2023.1 (64-bit)
  **** SW Build 3865809 on Sun May  7 15:05:29 MDT 2023
  **** IP Build 3864474 on Sun May  7 20:36:21 MDT 2023
  **** SharedData Build 3865790 on Sun May 07 13:33:03 MDT 2023
    ** Copyright 1986-2022 Xilinx, Inc. All Rights Reserved.
    ** Copyright 2022-2023 Advanced Micro Devices, Inc. All Rights Reserved.

source run_ippack.tcl -notrace
ipx::create_core: Time (s): cpu = 00:00:07 ; elapsed = 00:00:07 . Memory (MB): peak = 448.938 ; gain = 155.555
INFO: [IP_Flow 19-234] Refreshing IP repositories
INFO: [IP_Flow 19-1704] No user IP repositories specified
INFO: [IP_Flow 19-2313] Loaded Vivado IP repository 'D:/Xilinx/Vivado/2023.1/data/ip'.
INFO: [Common 17-206] Exiting Vivado at Mon Feb 19 19:06:41 2024...
INFO: [HLS 200-802] Generated output file export.zip
INFO: [HLS 200-111] Finished Command export_design CPU user time: 1 seconds. CPU system time: 0 seconds. Elapsed time: 14.24 seconds; current allocated memory: 6.652 MB.
INFO: [HLS 200-112] Total CPU user time: 2 seconds. Total CPU system time: 1 seconds. Total elapsed time: 16.584 seconds; peak allocated memory: 113.273 MB.
