

================================================================
== Vitis HLS Report for 'matrixmul_Pipeline_Row_a01_sum01'
================================================================
* Date:           Mon Feb 19 18:57:09 2024

* Version:        2023.1 (Build 3854077 on May  4 2023)
* Project:        hls_matriz
* Solution:       solution_area (Vivado IP Flow Target)
* Product family: artix7
* Target device:  xc7a35t-csg325-1


================================================================
== Performance Estimates
================================================================
+ Timing: 
    * Summary: 
    +--------+----------+----------+------------+
    |  Clock |  Target  | Estimated| Uncertainty|
    +--------+----------+----------+------------+
    |ap_clk  |  10.00 ns|  5.951 ns|     2.70 ns|
    +--------+----------+----------+------------+

+ Latency: 
    * Summary: 
    +---------+---------+----------+----------+-----+-----+---------+
    |  Latency (cycles) |  Latency (absolute) |  Interval | Pipeline|
    |   min   |   max   |    min   |    max   | min | max |   Type  |
    +---------+---------+----------+----------+-----+-----+---------+
    |       18|       18|  0.180 us|  0.180 us|   18|   18|       no|
    +---------+---------+----------+----------+-----+-----+---------+

    + Detail: 
        * Instance: 
        N/A

        * Loop: 
        +-----------------+---------+---------+----------+-----------+-----------+------+----------+
        |                 |  Latency (cycles) | Iteration|  Initiation Interval  | Trip |          |
        |    Loop Name    |   min   |   max   |  Latency |  achieved |   target  | Count| Pipelined|
        +-----------------+---------+---------+----------+-----------+-----------+------+----------+
        |- Row_a01_sum01  |       16|       16|         2|          1|          1|    16|       yes|
        +-----------------+---------+---------+----------+-----------+-----------+------+----------+

============================================================
+ Verbose Summary: Synthesis Manager
============================================================
InlineROM: 1
ExposeGlobal: 0
============================================================
+ Verbose Summary: CDFG Model
============================================================
IsTopModel: 0
ResetActiveHigh: 1
IsCombinational: 0
IsDatapathOnly: 0
HasWiredReturn: 1
HasMFsm: 2
HasVarLatency: 1
IsPipeline: 0
IsRtlPipelined: 0
IsInstanceOverlapped: 0
IsDontTouch: 0
HasImplIP: 0
IsGatedGlobalClock: 0

+ Individual pipeline summary: 
  * Pipeline-0: initiation interval (II) = 1, depth = 2


============================================================
+ Verbose Summary: Schedule
============================================================
* Number of FSM states : 2
* Pipeline : 1
  Pipeline-0 : II = 1, D = 2, States = { 1 2 }
* Dataflow Pipeline: 0

* FSM state transitions: 
1 --> 2 
2 --> 

* FSM state operations: 

State 1 <SV = 0> <Delay = 5.95>
ST_1 : Operation 5 [1/1] (0.00ns)   --->   "%empty = alloca i32 1"   --->   Operation 5 'alloca' 'empty' <Predicate = true> <Delay = 0.00>
ST_1 : Operation 6 [1/1] (0.00ns)   --->   "%j_a = alloca i32 1"   --->   Operation 6 'alloca' 'j_a' <Predicate = true> <Delay = 0.00>
ST_1 : Operation 7 [1/1] (0.00ns)   --->   "%i_a = alloca i32 1"   --->   Operation 7 'alloca' 'i_a' <Predicate = true> <Delay = 0.00>
ST_1 : Operation 8 [1/1] (0.00ns)   --->   "%indvar_flatten7 = alloca i32 1"   --->   Operation 8 'alloca' 'indvar_flatten7' <Predicate = true> <Delay = 0.00>
ST_1 : Operation 9 [1/1] (0.00ns)   --->   "%specinterface_ln0 = specinterface void @_ssdm_op_SpecInterface, i8 %a, void @empty, i32 0, i32 0, void @empty_0, i32 4294967295, i32 0, void @empty_0, void @empty_0, void @empty_0, i32 0, i32 0, i32 0, i32 0, void @empty_0, void @empty_0, i32 4294967295, i32 0"   --->   Operation 9 'specinterface' 'specinterface_ln0' <Predicate = true> <Delay = 0.00>
ST_1 : Operation 10 [1/1] (1.61ns)   --->   "%store_ln0 = store i5 0, i5 %indvar_flatten7"   --->   Operation 10 'store' 'store_ln0' <Predicate = true> <Delay = 1.61>
ST_1 : Operation 11 [1/1] (1.61ns)   --->   "%store_ln0 = store i3 0, i3 %i_a"   --->   Operation 11 'store' 'store_ln0' <Predicate = true> <Delay = 1.61>
ST_1 : Operation 12 [1/1] (1.61ns)   --->   "%store_ln0 = store i3 0, i3 %j_a"   --->   Operation 12 'store' 'store_ln0' <Predicate = true> <Delay = 1.61>
ST_1 : Operation 13 [1/1] (1.61ns)   --->   "%store_ln0 = store i8 0, i8 %empty"   --->   Operation 13 'store' 'store_ln0' <Predicate = true> <Delay = 1.61>
ST_1 : Operation 14 [1/1] (0.00ns)   --->   "%br_ln0 = br void %for.inc35"   --->   Operation 14 'br' 'br_ln0' <Predicate = true> <Delay = 0.00>
ST_1 : Operation 15 [1/1] (0.00ns)   --->   "%indvar_flatten7_load = load i5 %indvar_flatten7" [matrixmul.cpp:63]   --->   Operation 15 'load' 'indvar_flatten7_load' <Predicate = true> <Delay = 0.00>
ST_1 : Operation 16 [1/1] (0.00ns)   --->   "%specpipeline_ln0 = specpipeline void @_ssdm_op_SpecPipeline, i32 4294967295, i32 0, i32 1, i32 0, void @p_str"   --->   Operation 16 'specpipeline' 'specpipeline_ln0' <Predicate = true> <Delay = 0.00>
ST_1 : Operation 17 [1/1] (1.86ns)   --->   "%icmp_ln63 = icmp_eq  i5 %indvar_flatten7_load, i5 16" [matrixmul.cpp:63]   --->   Operation 17 'icmp' 'icmp_ln63' <Predicate = true> <Delay = 1.86> <CoreInst = "Cmp">   --->   Core 9 'Cmp' <Latency = 0> <II = 1> <Delay = 1.86> <FuncUnit> <Opcode : 'icmp'> <InPorts = 2> <OutPorts = 1>
ST_1 : Operation 18 [1/1] (1.86ns)   --->   "%add_ln63_1 = add i5 %indvar_flatten7_load, i5 1" [matrixmul.cpp:63]   --->   Operation 18 'add' 'add_ln63_1' <Predicate = true> <Delay = 1.86> <CoreInst = "Adder">   --->   Core 1 'Adder' <Latency = 0> <II = 1> <Delay = 1.86> <FuncUnit> <Opcode : 'add' 'sub'> <InPorts = 2> <OutPorts = 1>
ST_1 : Operation 19 [1/1] (0.00ns)   --->   "%br_ln63 = br i1 %icmp_ln63, void %for.inc38, void %for.inc62.preheader.exitStub" [matrixmul.cpp:63]   --->   Operation 19 'br' 'br_ln63' <Predicate = true> <Delay = 0.00>
ST_1 : Operation 20 [1/1] (0.00ns)   --->   "%j_a_load = load i3 %j_a" [matrixmul.cpp:64]   --->   Operation 20 'load' 'j_a_load' <Predicate = (!icmp_ln63)> <Delay = 0.00>
ST_1 : Operation 21 [1/1] (0.00ns)   --->   "%i_a_load = load i3 %i_a" [matrixmul.cpp:63]   --->   Operation 21 'load' 'i_a_load' <Predicate = (!icmp_ln63)> <Delay = 0.00>
ST_1 : Operation 22 [1/1] (1.68ns)   --->   "%add_ln63 = add i3 %i_a_load, i3 1" [matrixmul.cpp:63]   --->   Operation 22 'add' 'add_ln63' <Predicate = (!icmp_ln63)> <Delay = 1.68> <CoreInst = "Adder">   --->   Core 1 'Adder' <Latency = 0> <II = 1> <Delay = 1.68> <FuncUnit> <Opcode : 'add' 'sub'> <InPorts = 2> <OutPorts = 1>
ST_1 : Operation 23 [1/1] (1.68ns)   --->   "%icmp_ln64 = icmp_eq  i3 %j_a_load, i3 4" [matrixmul.cpp:64]   --->   Operation 23 'icmp' 'icmp_ln64' <Predicate = (!icmp_ln63)> <Delay = 1.68> <CoreInst = "Cmp">   --->   Core 9 'Cmp' <Latency = 0> <II = 1> <Delay = 1.68> <FuncUnit> <Opcode : 'icmp'> <InPorts = 2> <OutPorts = 1>
ST_1 : Operation 24 [1/1] (0.98ns)   --->   "%select_ln65 = select i1 %icmp_ln64, i3 0, i3 %j_a_load" [matrixmul.cpp:65]   --->   Operation 24 'select' 'select_ln65' <Predicate = (!icmp_ln63)> <Delay = 0.98> <CoreInst = "Sel">   --->   Core 73 'Sel' <Latency = 0> <II = 1> <Delay = 0.98> <FuncUnit> <Opcode : 'select'> <InPorts = 3> <OutPorts = 1>
ST_1 : Operation 25 [1/1] (0.98ns)   --->   "%select_ln65_1 = select i1 %icmp_ln64, i3 %add_ln63, i3 %i_a_load" [matrixmul.cpp:65]   --->   Operation 25 'select' 'select_ln65_1' <Predicate = (!icmp_ln63)> <Delay = 0.98> <CoreInst = "Sel">   --->   Core 73 'Sel' <Latency = 0> <II = 1> <Delay = 0.98> <FuncUnit> <Opcode : 'select'> <InPorts = 3> <OutPorts = 1>
ST_1 : Operation 26 [1/1] (0.99ns)   --->   "%xor_ln65 = xor i3 %select_ln65, i3 4" [matrixmul.cpp:65]   --->   Operation 26 'xor' 'xor_ln65' <Predicate = (!icmp_ln63)> <Delay = 0.99> <CoreInst = "LogicGate">   --->   Core 74 'LogicGate' <Latency = 0> <II = 1> <Delay = 0.99> <FuncUnit> <Opcode : 'and' 'or' 'xor'> <InPorts = 2> <OutPorts = 1>
ST_1 : Operation 27 [1/1] (0.00ns)   --->   "%tmp_1 = bitconcatenate i6 @_ssdm_op_BitConcatenate.i6.i3.i3, i3 %select_ln65_1, i3 %xor_ln65" [matrixmul.cpp:65]   --->   Operation 27 'bitconcatenate' 'tmp_1' <Predicate = (!icmp_ln63)> <Delay = 0.00>
ST_1 : Operation 28 [1/1] (0.00ns)   --->   "%zext_ln65 = zext i6 %tmp_1" [matrixmul.cpp:65]   --->   Operation 28 'zext' 'zext_ln65' <Predicate = (!icmp_ln63)> <Delay = 0.00>
ST_1 : Operation 29 [1/1] (0.00ns)   --->   "%a_addr = getelementptr i8 %a, i64 0, i64 %zext_ln65" [matrixmul.cpp:65]   --->   Operation 29 'getelementptr' 'a_addr' <Predicate = (!icmp_ln63)> <Delay = 0.00>
ST_1 : Operation 30 [2/2] (2.15ns)   --->   "%a_load = load i6 %a_addr" [matrixmul.cpp:65]   --->   Operation 30 'load' 'a_load' <Predicate = (!icmp_ln63)> <Delay = 2.15> <CoreInst = "RAM">   --->   Core 82 'RAM' <Latency = 1> <II = 1> <Delay = 2.15> <Storage> <Opcode : 'load' 'store'> <Ports = 2> <Width = 8> <Depth = 64> <RAM>
ST_1 : Operation 31 [1/1] (1.68ns)   --->   "%add_ln64 = add i3 %select_ln65, i3 1" [matrixmul.cpp:64]   --->   Operation 31 'add' 'add_ln64' <Predicate = (!icmp_ln63)> <Delay = 1.68> <CoreInst = "Adder">   --->   Core 1 'Adder' <Latency = 0> <II = 1> <Delay = 1.68> <FuncUnit> <Opcode : 'add' 'sub'> <InPorts = 2> <OutPorts = 1>
ST_1 : Operation 32 [1/1] (1.61ns)   --->   "%store_ln64 = store i5 %add_ln63_1, i5 %indvar_flatten7" [matrixmul.cpp:64]   --->   Operation 32 'store' 'store_ln64' <Predicate = (!icmp_ln63)> <Delay = 1.61>
ST_1 : Operation 33 [1/1] (1.61ns)   --->   "%store_ln64 = store i3 %select_ln65_1, i3 %i_a" [matrixmul.cpp:64]   --->   Operation 33 'store' 'store_ln64' <Predicate = (!icmp_ln63)> <Delay = 1.61>
ST_1 : Operation 34 [1/1] (1.61ns)   --->   "%store_ln64 = store i3 %add_ln64, i3 %j_a" [matrixmul.cpp:64]   --->   Operation 34 'store' 'store_ln64' <Predicate = (!icmp_ln63)> <Delay = 1.61>
ST_1 : Operation 44 [1/1] (0.00ns)   --->   "%p_load1 = load i8 %empty"   --->   Operation 44 'load' 'p_load1' <Predicate = (icmp_ln63)> <Delay = 0.00>
ST_1 : Operation 45 [1/1] (0.00ns)   --->   "%write_ln0 = write void @_ssdm_op_Write.ap_auto.i8P0A, i8 %p_out, i8 %p_load1"   --->   Operation 45 'write' 'write_ln0' <Predicate = (icmp_ln63)> <Delay = 0.00>
ST_1 : Operation 46 [1/1] (0.00ns)   --->   "%ret_ln0 = ret"   --->   Operation 46 'ret' 'ret_ln0' <Predicate = (icmp_ln63)> <Delay = 0.00>

State 2 <SV = 1> <Delay = 5.87>
ST_2 : Operation 35 [1/1] (0.00ns)   --->   "%p_load = load i8 %empty" [matrixmul.cpp:65]   --->   Operation 35 'load' 'p_load' <Predicate = true> <Delay = 0.00>
ST_2 : Operation 36 [1/1] (0.00ns)   --->   "%specloopname_ln0 = specloopname void @_ssdm_op_SpecLoopName, void @Row_a01_sum01_str"   --->   Operation 36 'specloopname' 'specloopname_ln0' <Predicate = true> <Delay = 0.00>
ST_2 : Operation 37 [1/1] (0.00ns)   --->   "%speclooptripcount_ln0 = speclooptripcount void @_ssdm_op_SpecLoopTripCount, i64 16, i64 16, i64 16"   --->   Operation 37 'speclooptripcount' 'speclooptripcount_ln0' <Predicate = true> <Delay = 0.00>
ST_2 : Operation 38 [1/1] (0.00ns)   --->   "%specpipeline_ln0 = specpipeline void @_ssdm_op_SpecPipeline, i32 4294967295, i32 0, i32 1, i32 0, void @p_str"   --->   Operation 38 'specpipeline' 'specpipeline_ln0' <Predicate = true> <Delay = 0.00>
ST_2 : Operation 39 [1/1] (0.00ns)   --->   "%specloopname_ln64 = specloopname void @_ssdm_op_SpecLoopName, void @empty_5" [matrixmul.cpp:64]   --->   Operation 39 'specloopname' 'specloopname_ln64' <Predicate = true> <Delay = 0.00>
ST_2 : Operation 40 [1/2] (2.15ns)   --->   "%a_load = load i6 %a_addr" [matrixmul.cpp:65]   --->   Operation 40 'load' 'a_load' <Predicate = true> <Delay = 2.15> <CoreInst = "RAM">   --->   Core 82 'RAM' <Latency = 1> <II = 1> <Delay = 2.15> <Storage> <Opcode : 'load' 'store'> <Ports = 2> <Width = 8> <Depth = 64> <RAM>
ST_2 : Operation 41 [1/1] (2.11ns)   --->   "%add_ln65 = add i8 %a_load, i8 %p_load" [matrixmul.cpp:65]   --->   Operation 41 'add' 'add_ln65' <Predicate = true> <Delay = 2.11> <CoreInst = "Adder">   --->   Core 1 'Adder' <Latency = 0> <II = 1> <Delay = 2.11> <FuncUnit> <Opcode : 'add' 'sub'> <InPorts = 2> <OutPorts = 1>
ST_2 : Operation 42 [1/1] (1.61ns)   --->   "%store_ln64 = store i8 %add_ln65, i8 %empty" [matrixmul.cpp:64]   --->   Operation 42 'store' 'store_ln64' <Predicate = true> <Delay = 1.61>
ST_2 : Operation 43 [1/1] (0.00ns)   --->   "%br_ln64 = br void %for.inc35" [matrixmul.cpp:64]   --->   Operation 43 'br' 'br_ln64' <Predicate = true> <Delay = 0.00>


============================================================
+ Verbose Summary: Binding
============================================================
STG Binding: 
---------------- STG Properties BEGIN ----------------
- Is combinational: 0
- Is one-state seq: 0
- Is datapath-only: 0
- Is pipelined: 0
- Is top level: 0
Port [ Return ] is wired: 1; IO mode=ap_ctrl_hs:ce=0
Port [ a]:  wired=1; compound=1; hidden=0; nouse=0; global=0; static=0; extern=0; dir=0; type=1; pingpong=0; private_global=0; MemPort=[13]; IO mode=ap_memory:ce=0
Port [ p_out]:  wired=1; compound=0; hidden=0; nouse=0; global=0; static=0; extern=0; dir=1; type=0; pingpong=0; private_global=0; IO mode=ap_vld:ce=0
---------------- STG Properties END ------------------

---------------- Datapath Model BEGIN ----------------

<LifeTime>
<method=bitvector/>
empty                 (alloca           ) [ 011]
j_a                   (alloca           ) [ 010]
i_a                   (alloca           ) [ 010]
indvar_flatten7       (alloca           ) [ 010]
specinterface_ln0     (specinterface    ) [ 000]
store_ln0             (store            ) [ 000]
store_ln0             (store            ) [ 000]
store_ln0             (store            ) [ 000]
store_ln0             (store            ) [ 000]
br_ln0                (br               ) [ 000]
indvar_flatten7_load  (load             ) [ 000]
specpipeline_ln0      (specpipeline     ) [ 000]
icmp_ln63             (icmp             ) [ 010]
add_ln63_1            (add              ) [ 000]
br_ln63               (br               ) [ 000]
j_a_load              (load             ) [ 000]
i_a_load              (load             ) [ 000]
add_ln63              (add              ) [ 000]
icmp_ln64             (icmp             ) [ 000]
select_ln65           (select           ) [ 000]
select_ln65_1         (select           ) [ 000]
xor_ln65              (xor              ) [ 000]
tmp_1                 (bitconcatenate   ) [ 000]
zext_ln65             (zext             ) [ 000]
a_addr                (getelementptr    ) [ 011]
add_ln64              (add              ) [ 000]
store_ln64            (store            ) [ 000]
store_ln64            (store            ) [ 000]
store_ln64            (store            ) [ 000]
p_load                (load             ) [ 000]
specloopname_ln0      (specloopname     ) [ 000]
speclooptripcount_ln0 (speclooptripcount) [ 000]
specpipeline_ln0      (specpipeline     ) [ 000]
specloopname_ln64     (specloopname     ) [ 000]
a_load                (load             ) [ 000]
add_ln65              (add              ) [ 000]
store_ln64            (store            ) [ 000]
br_ln64               (br               ) [ 000]
p_load1               (load             ) [ 000]
write_ln0             (write            ) [ 000]
ret_ln0               (ret              ) [ 000]
</LifeTime>

<model>

<comp_list>
<comp id="0" class="1000" name="a">
<pin_list>
<pin id="1" dir="1" index="0" bw="1" slack="0"/>
</pin_list>
<bind>
<StgValue><ssdm name="a"/><MemPortTyVec>1 3 </MemPortTyVec>
</StgValue>
</bind>
</comp>

<comp id="2" class="1000" name="p_out">
<pin_list>
<pin id="3" dir="1" index="0" bw="1" slack="0"/>
</pin_list>
<bind>
<StgValue><ssdm name="p_out"/></StgValue>
</bind>
</comp>

<comp id="4" class="1001" name="const_4">
<pin_list>
<pin id="5" dir="1" index="0" bw="1" slack="0"/>
</pin_list>
<bind>
<StgValue><ssdm name=""/></StgValue>
</bind>
</comp>

<comp id="6" class="1001" name="const_6">
<pin_list>
<pin id="7" dir="1" index="0" bw="1" slack="2147483647"/>
</pin_list>
<bind>
<StgValue><ssdm name="_ssdm_op_SpecInterface"/></StgValue>
</bind>
</comp>

<comp id="8" class="1001" name="const_8">
<pin_list>
<pin id="9" dir="1" index="0" bw="1" slack="2147483647"/>
</pin_list>
<bind>
<StgValue><ssdm name="empty"/></StgValue>
</bind>
</comp>

<comp id="10" class="1001" name="const_10">
<pin_list>
<pin id="11" dir="1" index="0" bw="1" slack="2147483647"/>
</pin_list>
<bind>
<StgValue><ssdm name=""/></StgValue>
</bind>
</comp>

<comp id="12" class="1001" name="const_12">
<pin_list>
<pin id="13" dir="1" index="0" bw="1" slack="2147483647"/>
</pin_list>
<bind>
<StgValue><ssdm name="empty_0"/></StgValue>
</bind>
</comp>

<comp id="14" class="1001" name="const_14">
<pin_list>
<pin id="15" dir="1" index="0" bw="1" slack="2147483647"/>
</pin_list>
<bind>
<StgValue><ssdm name=""/></StgValue>
</bind>
</comp>

<comp id="16" class="1001" name="const_16">
<pin_list>
<pin id="17" dir="1" index="0" bw="1" slack="0"/>
</pin_list>
<bind>
<StgValue><ssdm name=""/></StgValue>
</bind>
</comp>

<comp id="18" class="1001" name="const_18">
<pin_list>
<pin id="19" dir="1" index="0" bw="1" slack="0"/>
</pin_list>
<bind>
<StgValue><ssdm name=""/></StgValue>
</bind>
</comp>

<comp id="20" class="1001" name="const_20">
<pin_list>
<pin id="21" dir="1" index="0" bw="1" slack="0"/>
</pin_list>
<bind>
<StgValue><ssdm name=""/></StgValue>
</bind>
</comp>

<comp id="22" class="1001" name="const_22">
<pin_list>
<pin id="23" dir="1" index="0" bw="1" slack="2147483647"/>
</pin_list>
<bind>
<StgValue><ssdm name="_ssdm_op_SpecPipeline"/></StgValue>
</bind>
</comp>

<comp id="24" class="1001" name="const_24">
<pin_list>
<pin id="25" dir="1" index="0" bw="1" slack="2147483647"/>
</pin_list>
<bind>
<StgValue><ssdm name="p_str"/></StgValue>
</bind>
</comp>

<comp id="26" class="1001" name="const_26">
<pin_list>
<pin id="27" dir="1" index="0" bw="1" slack="0"/>
</pin_list>
<bind>
<StgValue><ssdm name=""/></StgValue>
</bind>
</comp>

<comp id="28" class="1001" name="const_28">
<pin_list>
<pin id="29" dir="1" index="0" bw="1" slack="0"/>
</pin_list>
<bind>
<StgValue><ssdm name=""/></StgValue>
</bind>
</comp>

<comp id="30" class="1001" name="const_30">
<pin_list>
<pin id="31" dir="1" index="0" bw="1" slack="0"/>
</pin_list>
<bind>
<StgValue><ssdm name=""/></StgValue>
</bind>
</comp>

<comp id="32" class="1001" name="const_32">
<pin_list>
<pin id="33" dir="1" index="0" bw="1" slack="0"/>
</pin_list>
<bind>
<StgValue><ssdm name=""/></StgValue>
</bind>
</comp>

<comp id="34" class="1001" name="const_34">
<pin_list>
<pin id="35" dir="1" index="0" bw="1" slack="0"/>
</pin_list>
<bind>
<StgValue><ssdm name="_ssdm_op_BitConcatenate.i6.i3.i3"/></StgValue>
</bind>
</comp>

<comp id="36" class="1001" name="const_36">
<pin_list>
<pin id="37" dir="1" index="0" bw="1" slack="0"/>
</pin_list>
<bind>
<StgValue><ssdm name=""/></StgValue>
</bind>
</comp>

<comp id="38" class="1001" name="const_38">
<pin_list>
<pin id="39" dir="1" index="0" bw="1" slack="2147483647"/>
</pin_list>
<bind>
<StgValue><ssdm name="_ssdm_op_SpecLoopName"/></StgValue>
</bind>
</comp>

<comp id="40" class="1001" name="const_40">
<pin_list>
<pin id="41" dir="1" index="0" bw="1" slack="2147483647"/>
</pin_list>
<bind>
<StgValue><ssdm name="Row_a01_sum01_str"/></StgValue>
</bind>
</comp>

<comp id="42" class="1001" name="const_42">
<pin_list>
<pin id="43" dir="1" index="0" bw="1" slack="2147483647"/>
</pin_list>
<bind>
<StgValue><ssdm name="_ssdm_op_SpecLoopTripCount"/></StgValue>
</bind>
</comp>

<comp id="44" class="1001" name="const_44">
<pin_list>
<pin id="45" dir="1" index="0" bw="1" slack="2147483647"/>
</pin_list>
<bind>
<StgValue><ssdm name=""/></StgValue>
</bind>
</comp>

<comp id="46" class="1001" name="const_46">
<pin_list>
<pin id="47" dir="1" index="0" bw="1" slack="2147483647"/>
</pin_list>
<bind>
<StgValue><ssdm name="empty_5"/></StgValue>
</bind>
</comp>

<comp id="48" class="1001" name="const_48">
<pin_list>
<pin id="49" dir="1" index="0" bw="1" slack="0"/>
</pin_list>
<bind>
<StgValue><ssdm name="_ssdm_op_Write.ap_auto.i8P0A"/></StgValue>
</bind>
</comp>

<comp id="50" class="1004" name="empty_fu_50">
<pin_list>
<pin id="51" dir="0" index="0" bw="1" slack="0"/>
<pin id="52" dir="1" index="1" bw="8" slack="0"/>
</pin_list>
<bind>
<opcode="alloca(26) " fcode="alloca"/>
<opset="empty/1 "/>
</bind>
</comp>

<comp id="54" class="1004" name="j_a_fu_54">
<pin_list>
<pin id="55" dir="0" index="0" bw="1" slack="0"/>
<pin id="56" dir="1" index="1" bw="3" slack="0"/>
</pin_list>
<bind>
<opcode="alloca(26) " fcode="alloca"/>
<opset="j_a/1 "/>
</bind>
</comp>

<comp id="58" class="1004" name="i_a_fu_58">
<pin_list>
<pin id="59" dir="0" index="0" bw="1" slack="0"/>
<pin id="60" dir="1" index="1" bw="3" slack="0"/>
</pin_list>
<bind>
<opcode="alloca(26) " fcode="alloca"/>
<opset="i_a/1 "/>
</bind>
</comp>

<comp id="62" class="1004" name="indvar_flatten7_fu_62">
<pin_list>
<pin id="63" dir="0" index="0" bw="1" slack="0"/>
<pin id="64" dir="1" index="1" bw="5" slack="0"/>
</pin_list>
<bind>
<opcode="alloca(26) " fcode="alloca"/>
<opset="indvar_flatten7/1 "/>
</bind>
</comp>

<comp id="66" class="1004" name="write_ln0_write_fu_66">
<pin_list>
<pin id="67" dir="0" index="0" bw="0" slack="0"/>
<pin id="68" dir="0" index="1" bw="8" slack="0"/>
<pin id="69" dir="0" index="2" bw="8" slack="0"/>
<pin id="70" dir="1" index="3" bw="0" slack="2147483647"/>
</pin_list>
<bind>
<opcode="write(1151) " fcode="write"/>
<opset="write_ln0/1 "/>
</bind>
</comp>

<comp id="73" class="1004" name="a_addr_gep_fu_73">
<pin_list>
<pin id="74" dir="0" index="0" bw="8" slack="0"/>
<pin id="75" dir="0" index="1" bw="1" slack="0"/>
<pin id="76" dir="0" index="2" bw="6" slack="0"/>
<pin id="77" dir="1" index="3" bw="6" slack="0"/>
</pin_list>
<bind>
<opcode="getelementptr(29) " fcode="getelementptr"/>
<opset="a_addr/1 "/>
</bind>
</comp>

<comp id="80" class="1004" name="grp_access_fu_80">
<pin_list>
<pin id="81" dir="0" index="0" bw="6" slack="0"/>
<pin id="82" dir="0" index="1" bw="8" slack="2147483647"/>
<pin id="83" dir="0" index="2" bw="0" slack="2147483647"/>
<pin id="84" dir="1" index="3" bw="8" slack="0"/>
</pin_list>
<bind>
<opcode="load(27) " fcode="load"/>
<opset="a_load/1 "/>
</bind>
</comp>

<comp id="86" class="1004" name="store_ln0_store_fu_86">
<pin_list>
<pin id="87" dir="0" index="0" bw="1" slack="0"/>
<pin id="88" dir="0" index="1" bw="5" slack="0"/>
<pin id="89" dir="1" index="2" bw="0" slack="2147483647"/>
</pin_list>
<bind>
<opcode="store(28) " fcode="store"/>
<opset="store_ln0/1 "/>
</bind>
</comp>

<comp id="91" class="1004" name="store_ln0_store_fu_91">
<pin_list>
<pin id="92" dir="0" index="0" bw="1" slack="0"/>
<pin id="93" dir="0" index="1" bw="3" slack="0"/>
<pin id="94" dir="1" index="2" bw="0" slack="2147483647"/>
</pin_list>
<bind>
<opcode="store(28) " fcode="store"/>
<opset="store_ln0/1 "/>
</bind>
</comp>

<comp id="96" class="1004" name="store_ln0_store_fu_96">
<pin_list>
<pin id="97" dir="0" index="0" bw="1" slack="0"/>
<pin id="98" dir="0" index="1" bw="3" slack="0"/>
<pin id="99" dir="1" index="2" bw="0" slack="2147483647"/>
</pin_list>
<bind>
<opcode="store(28) " fcode="store"/>
<opset="store_ln0/1 "/>
</bind>
</comp>

<comp id="101" class="1004" name="store_ln0_store_fu_101">
<pin_list>
<pin id="102" dir="0" index="0" bw="1" slack="0"/>
<pin id="103" dir="0" index="1" bw="8" slack="0"/>
<pin id="104" dir="1" index="2" bw="0" slack="2147483647"/>
</pin_list>
<bind>
<opcode="store(28) " fcode="store"/>
<opset="store_ln0/1 "/>
</bind>
</comp>

<comp id="106" class="1004" name="indvar_flatten7_load_load_fu_106">
<pin_list>
<pin id="107" dir="0" index="0" bw="5" slack="0"/>
<pin id="108" dir="1" index="1" bw="5" slack="0"/>
</pin_list>
<bind>
<opcode="load(27) " fcode="load"/>
<opset="indvar_flatten7_load/1 "/>
</bind>
</comp>

<comp id="109" class="1004" name="icmp_ln63_fu_109">
<pin_list>
<pin id="110" dir="0" index="0" bw="5" slack="0"/>
<pin id="111" dir="0" index="1" bw="5" slack="0"/>
<pin id="112" dir="1" index="2" bw="1" slack="2147483647"/>
</pin_list>
<bind>
<opcode="icmp(45) " fcode="icmp"/>
<opset="icmp_ln63/1 "/>
</bind>
</comp>

<comp id="115" class="1004" name="add_ln63_1_fu_115">
<pin_list>
<pin id="116" dir="0" index="0" bw="5" slack="0"/>
<pin id="117" dir="0" index="1" bw="1" slack="0"/>
<pin id="118" dir="1" index="2" bw="5" slack="0"/>
</pin_list>
<bind>
<opcode="add(8) " fcode="add"/>
<opset="add_ln63_1/1 "/>
</bind>
</comp>

<comp id="121" class="1004" name="j_a_load_load_fu_121">
<pin_list>
<pin id="122" dir="0" index="0" bw="3" slack="0"/>
<pin id="123" dir="1" index="1" bw="3" slack="0"/>
</pin_list>
<bind>
<opcode="load(27) " fcode="load"/>
<opset="j_a_load/1 "/>
</bind>
</comp>

<comp id="124" class="1004" name="i_a_load_load_fu_124">
<pin_list>
<pin id="125" dir="0" index="0" bw="3" slack="0"/>
<pin id="126" dir="1" index="1" bw="3" slack="0"/>
</pin_list>
<bind>
<opcode="load(27) " fcode="load"/>
<opset="i_a_load/1 "/>
</bind>
</comp>

<comp id="127" class="1004" name="add_ln63_fu_127">
<pin_list>
<pin id="128" dir="0" index="0" bw="3" slack="0"/>
<pin id="129" dir="0" index="1" bw="1" slack="0"/>
<pin id="130" dir="1" index="2" bw="3" slack="0"/>
</pin_list>
<bind>
<opcode="add(8) " fcode="add"/>
<opset="add_ln63/1 "/>
</bind>
</comp>

<comp id="133" class="1004" name="icmp_ln64_fu_133">
<pin_list>
<pin id="134" dir="0" index="0" bw="3" slack="0"/>
<pin id="135" dir="0" index="1" bw="3" slack="0"/>
<pin id="136" dir="1" index="2" bw="1" slack="0"/>
</pin_list>
<bind>
<opcode="icmp(45) " fcode="icmp"/>
<opset="icmp_ln64/1 "/>
</bind>
</comp>

<comp id="139" class="1004" name="select_ln65_fu_139">
<pin_list>
<pin id="140" dir="0" index="0" bw="1" slack="0"/>
<pin id="141" dir="0" index="1" bw="1" slack="0"/>
<pin id="142" dir="0" index="2" bw="3" slack="0"/>
<pin id="143" dir="1" index="3" bw="3" slack="0"/>
</pin_list>
<bind>
<opcode="select(49) " fcode="select"/>
<opset="select_ln65/1 "/>
</bind>
</comp>

<comp id="147" class="1004" name="select_ln65_1_fu_147">
<pin_list>
<pin id="148" dir="0" index="0" bw="1" slack="0"/>
<pin id="149" dir="0" index="1" bw="3" slack="0"/>
<pin id="150" dir="0" index="2" bw="3" slack="0"/>
<pin id="151" dir="1" index="3" bw="3" slack="0"/>
</pin_list>
<bind>
<opcode="select(49) " fcode="select"/>
<opset="select_ln65_1/1 "/>
</bind>
</comp>

<comp id="155" class="1004" name="xor_ln65_fu_155">
<pin_list>
<pin id="156" dir="0" index="0" bw="3" slack="0"/>
<pin id="157" dir="0" index="1" bw="3" slack="0"/>
<pin id="158" dir="1" index="2" bw="3" slack="0"/>
</pin_list>
<bind>
<opcode="xor(25) " fcode="xor"/>
<opset="xor_ln65/1 "/>
</bind>
</comp>

<comp id="161" class="1004" name="tmp_1_fu_161">
<pin_list>
<pin id="162" dir="0" index="0" bw="6" slack="0"/>
<pin id="163" dir="0" index="1" bw="3" slack="0"/>
<pin id="164" dir="0" index="2" bw="3" slack="0"/>
<pin id="165" dir="1" index="3" bw="6" slack="0"/>
</pin_list>
<bind>
<opcode="bitconcatenate(1004) " fcode="bitconcatenate"/>
<opset="tmp_1/1 "/>
</bind>
</comp>

<comp id="169" class="1004" name="zext_ln65_fu_169">
<pin_list>
<pin id="170" dir="0" index="0" bw="6" slack="0"/>
<pin id="171" dir="1" index="1" bw="64" slack="0"/>
</pin_list>
<bind>
<opcode="zext(34) " fcode="zext"/>
<opset="zext_ln65/1 "/>
</bind>
</comp>

<comp id="174" class="1004" name="add_ln64_fu_174">
<pin_list>
<pin id="175" dir="0" index="0" bw="3" slack="0"/>
<pin id="176" dir="0" index="1" bw="1" slack="0"/>
<pin id="177" dir="1" index="2" bw="3" slack="0"/>
</pin_list>
<bind>
<opcode="add(8) " fcode="add"/>
<opset="add_ln64/1 "/>
</bind>
</comp>

<comp id="180" class="1004" name="store_ln64_store_fu_180">
<pin_list>
<pin id="181" dir="0" index="0" bw="5" slack="0"/>
<pin id="182" dir="0" index="1" bw="5" slack="0"/>
<pin id="183" dir="1" index="2" bw="0" slack="2147483647"/>
</pin_list>
<bind>
<opcode="store(28) " fcode="store"/>
<opset="store_ln64/1 "/>
</bind>
</comp>

<comp id="185" class="1004" name="store_ln64_store_fu_185">
<pin_list>
<pin id="186" dir="0" index="0" bw="3" slack="0"/>
<pin id="187" dir="0" index="1" bw="3" slack="0"/>
<pin id="188" dir="1" index="2" bw="0" slack="2147483647"/>
</pin_list>
<bind>
<opcode="store(28) " fcode="store"/>
<opset="store_ln64/1 "/>
</bind>
</comp>

<comp id="190" class="1004" name="store_ln64_store_fu_190">
<pin_list>
<pin id="191" dir="0" index="0" bw="3" slack="0"/>
<pin id="192" dir="0" index="1" bw="3" slack="0"/>
<pin id="193" dir="1" index="2" bw="0" slack="2147483647"/>
</pin_list>
<bind>
<opcode="store(28) " fcode="store"/>
<opset="store_ln64/1 "/>
</bind>
</comp>

<comp id="195" class="1004" name="p_load_load_fu_195">
<pin_list>
<pin id="196" dir="0" index="0" bw="8" slack="1"/>
<pin id="197" dir="1" index="1" bw="8" slack="0"/>
</pin_list>
<bind>
<opcode="load(27) " fcode="load"/>
<opset="p_load/2 "/>
</bind>
</comp>

<comp id="198" class="1004" name="add_ln65_fu_198">
<pin_list>
<pin id="199" dir="0" index="0" bw="8" slack="0"/>
<pin id="200" dir="0" index="1" bw="8" slack="0"/>
<pin id="201" dir="1" index="2" bw="8" slack="0"/>
</pin_list>
<bind>
<opcode="add(8) " fcode="add"/>
<opset="add_ln65/2 "/>
</bind>
</comp>

<comp id="204" class="1004" name="store_ln64_store_fu_204">
<pin_list>
<pin id="205" dir="0" index="0" bw="8" slack="0"/>
<pin id="206" dir="0" index="1" bw="8" slack="1"/>
<pin id="207" dir="1" index="2" bw="0" slack="2147483647"/>
</pin_list>
<bind>
<opcode="store(28) " fcode="store"/>
<opset="store_ln64/2 "/>
</bind>
</comp>

<comp id="209" class="1004" name="p_load1_load_fu_209">
<pin_list>
<pin id="210" dir="0" index="0" bw="8" slack="0"/>
<pin id="211" dir="1" index="1" bw="8" slack="0"/>
</pin_list>
<bind>
<opcode="load(27) " fcode="load"/>
<opset="p_load1/1 "/>
</bind>
</comp>

<comp id="213" class="1005" name="empty_reg_213">
<pin_list>
<pin id="214" dir="0" index="0" bw="8" slack="0"/>
<pin id="215" dir="1" index="1" bw="8" slack="0"/>
</pin_list>
<bind>
<opset="empty "/>
</bind>
</comp>

<comp id="221" class="1005" name="j_a_reg_221">
<pin_list>
<pin id="222" dir="0" index="0" bw="3" slack="0"/>
<pin id="223" dir="1" index="1" bw="3" slack="0"/>
</pin_list>
<bind>
<opset="j_a "/>
</bind>
</comp>

<comp id="228" class="1005" name="i_a_reg_228">
<pin_list>
<pin id="229" dir="0" index="0" bw="3" slack="0"/>
<pin id="230" dir="1" index="1" bw="3" slack="0"/>
</pin_list>
<bind>
<opset="i_a "/>
</bind>
</comp>

<comp id="235" class="1005" name="indvar_flatten7_reg_235">
<pin_list>
<pin id="236" dir="0" index="0" bw="5" slack="0"/>
<pin id="237" dir="1" index="1" bw="5" slack="0"/>
</pin_list>
<bind>
<opset="indvar_flatten7 "/>
</bind>
</comp>

<comp id="245" class="1005" name="a_addr_reg_245">
<pin_list>
<pin id="246" dir="0" index="0" bw="6" slack="1"/>
<pin id="247" dir="1" index="1" bw="6" slack="1"/>
</pin_list>
<bind>
<opset="a_addr "/>
</bind>
</comp>

</comp_list>

<net_list>
<net id="53"><net_src comp="4" pin="0"/><net_sink comp="50" pin=0"/></net>

<net id="57"><net_src comp="4" pin="0"/><net_sink comp="54" pin=0"/></net>

<net id="61"><net_src comp="4" pin="0"/><net_sink comp="58" pin=0"/></net>

<net id="65"><net_src comp="4" pin="0"/><net_sink comp="62" pin=0"/></net>

<net id="71"><net_src comp="48" pin="0"/><net_sink comp="66" pin=0"/></net>

<net id="72"><net_src comp="2" pin="0"/><net_sink comp="66" pin=1"/></net>

<net id="78"><net_src comp="0" pin="0"/><net_sink comp="73" pin=0"/></net>

<net id="79"><net_src comp="36" pin="0"/><net_sink comp="73" pin=1"/></net>

<net id="85"><net_src comp="73" pin="3"/><net_sink comp="80" pin=0"/></net>

<net id="90"><net_src comp="16" pin="0"/><net_sink comp="86" pin=0"/></net>

<net id="95"><net_src comp="18" pin="0"/><net_sink comp="91" pin=0"/></net>

<net id="100"><net_src comp="18" pin="0"/><net_sink comp="96" pin=0"/></net>

<net id="105"><net_src comp="20" pin="0"/><net_sink comp="101" pin=0"/></net>

<net id="113"><net_src comp="106" pin="1"/><net_sink comp="109" pin=0"/></net>

<net id="114"><net_src comp="26" pin="0"/><net_sink comp="109" pin=1"/></net>

<net id="119"><net_src comp="106" pin="1"/><net_sink comp="115" pin=0"/></net>

<net id="120"><net_src comp="28" pin="0"/><net_sink comp="115" pin=1"/></net>

<net id="131"><net_src comp="124" pin="1"/><net_sink comp="127" pin=0"/></net>

<net id="132"><net_src comp="30" pin="0"/><net_sink comp="127" pin=1"/></net>

<net id="137"><net_src comp="121" pin="1"/><net_sink comp="133" pin=0"/></net>

<net id="138"><net_src comp="32" pin="0"/><net_sink comp="133" pin=1"/></net>

<net id="144"><net_src comp="133" pin="2"/><net_sink comp="139" pin=0"/></net>

<net id="145"><net_src comp="18" pin="0"/><net_sink comp="139" pin=1"/></net>

<net id="146"><net_src comp="121" pin="1"/><net_sink comp="139" pin=2"/></net>

<net id="152"><net_src comp="133" pin="2"/><net_sink comp="147" pin=0"/></net>

<net id="153"><net_src comp="127" pin="2"/><net_sink comp="147" pin=1"/></net>

<net id="154"><net_src comp="124" pin="1"/><net_sink comp="147" pin=2"/></net>

<net id="159"><net_src comp="139" pin="3"/><net_sink comp="155" pin=0"/></net>

<net id="160"><net_src comp="32" pin="0"/><net_sink comp="155" pin=1"/></net>

<net id="166"><net_src comp="34" pin="0"/><net_sink comp="161" pin=0"/></net>

<net id="167"><net_src comp="147" pin="3"/><net_sink comp="161" pin=1"/></net>

<net id="168"><net_src comp="155" pin="2"/><net_sink comp="161" pin=2"/></net>

<net id="172"><net_src comp="161" pin="3"/><net_sink comp="169" pin=0"/></net>

<net id="173"><net_src comp="169" pin="1"/><net_sink comp="73" pin=2"/></net>

<net id="178"><net_src comp="139" pin="3"/><net_sink comp="174" pin=0"/></net>

<net id="179"><net_src comp="30" pin="0"/><net_sink comp="174" pin=1"/></net>

<net id="184"><net_src comp="115" pin="2"/><net_sink comp="180" pin=0"/></net>

<net id="189"><net_src comp="147" pin="3"/><net_sink comp="185" pin=0"/></net>

<net id="194"><net_src comp="174" pin="2"/><net_sink comp="190" pin=0"/></net>

<net id="202"><net_src comp="80" pin="3"/><net_sink comp="198" pin=0"/></net>

<net id="203"><net_src comp="195" pin="1"/><net_sink comp="198" pin=1"/></net>

<net id="208"><net_src comp="198" pin="2"/><net_sink comp="204" pin=0"/></net>

<net id="212"><net_src comp="209" pin="1"/><net_sink comp="66" pin=2"/></net>

<net id="216"><net_src comp="50" pin="1"/><net_sink comp="213" pin=0"/></net>

<net id="217"><net_src comp="213" pin="1"/><net_sink comp="101" pin=1"/></net>

<net id="218"><net_src comp="213" pin="1"/><net_sink comp="195" pin=0"/></net>

<net id="219"><net_src comp="213" pin="1"/><net_sink comp="204" pin=1"/></net>

<net id="220"><net_src comp="213" pin="1"/><net_sink comp="209" pin=0"/></net>

<net id="224"><net_src comp="54" pin="1"/><net_sink comp="221" pin=0"/></net>

<net id="225"><net_src comp="221" pin="1"/><net_sink comp="96" pin=1"/></net>

<net id="226"><net_src comp="221" pin="1"/><net_sink comp="121" pin=0"/></net>

<net id="227"><net_src comp="221" pin="1"/><net_sink comp="190" pin=1"/></net>

<net id="231"><net_src comp="58" pin="1"/><net_sink comp="228" pin=0"/></net>

<net id="232"><net_src comp="228" pin="1"/><net_sink comp="91" pin=1"/></net>

<net id="233"><net_src comp="228" pin="1"/><net_sink comp="124" pin=0"/></net>

<net id="234"><net_src comp="228" pin="1"/><net_sink comp="185" pin=1"/></net>

<net id="238"><net_src comp="62" pin="1"/><net_sink comp="235" pin=0"/></net>

<net id="239"><net_src comp="235" pin="1"/><net_sink comp="86" pin=1"/></net>

<net id="240"><net_src comp="235" pin="1"/><net_sink comp="106" pin=0"/></net>

<net id="241"><net_src comp="235" pin="1"/><net_sink comp="180" pin=1"/></net>

<net id="248"><net_src comp="73" pin="3"/><net_sink comp="245" pin=0"/></net>

<net id="249"><net_src comp="245" pin="1"/><net_sink comp="80" pin=0"/></net>

</net_list>

</model> 
---------------- Datapath Model END ------------------

* FSMD analyzer results:
  - Output states:
	Port: p_out | {1 }
 - Input state : 
	Port: matrixmul_Pipeline_Row_a01_sum01 : a | {1 2 }
  - Chain level:
	State 1
		store_ln0 : 1
		store_ln0 : 1
		store_ln0 : 1
		store_ln0 : 1
		indvar_flatten7_load : 1
		icmp_ln63 : 2
		add_ln63_1 : 2
		br_ln63 : 3
		j_a_load : 1
		i_a_load : 1
		add_ln63 : 2
		icmp_ln64 : 2
		select_ln65 : 3
		select_ln65_1 : 3
		xor_ln65 : 4
		tmp_1 : 4
		zext_ln65 : 5
		a_addr : 6
		a_load : 7
		add_ln64 : 4
		store_ln64 : 3
		store_ln64 : 4
		store_ln64 : 5
		p_load1 : 1
		write_ln0 : 2
	State 2
		add_ln65 : 1
		store_ln64 : 2


============================================================
+ Verbose Summary: Datapath Resource usage 
============================================================

* Functional unit list:
|----------|-----------------------|---------|---------|
| Operation|    Functional Unit    |    FF   |   LUT   |
|----------|-----------------------|---------|---------|
|          |   add_ln63_1_fu_115   |    0    |    13   |
|    add   |    add_ln63_fu_127    |    0    |    11   |
|          |    add_ln64_fu_174    |    0    |    11   |
|          |    add_ln65_fu_198    |    0    |    15   |
|----------|-----------------------|---------|---------|
|   icmp   |    icmp_ln63_fu_109   |    0    |    13   |
|          |    icmp_ln64_fu_133   |    0    |    11   |
|----------|-----------------------|---------|---------|
|  select  |   select_ln65_fu_139  |    0    |    3    |
|          |  select_ln65_1_fu_147 |    0    |    3    |
|----------|-----------------------|---------|---------|
|    xor   |    xor_ln65_fu_155    |    0    |    3    |
|----------|-----------------------|---------|---------|
|   write  | write_ln0_write_fu_66 |    0    |    0    |
|----------|-----------------------|---------|---------|
|bitconcatenate|      tmp_1_fu_161     |    0    |    0    |
|----------|-----------------------|---------|---------|
|   zext   |    zext_ln65_fu_169   |    0    |    0    |
|----------|-----------------------|---------|---------|
|   Total  |                       |    0    |    83   |
|----------|-----------------------|---------|---------|

Memories:
N/A

* Register list:
+-----------------------+--------+
|                       |   FF   |
+-----------------------+--------+
|     a_addr_reg_245    |    6   |
|     empty_reg_213     |    8   |
|      i_a_reg_228      |    3   |
|indvar_flatten7_reg_235|    5   |
|      j_a_reg_221      |    3   |
+-----------------------+--------+
|         Total         |   25   |
+-----------------------+--------+

* Multiplexer (MUX) list: 
|------------------|------|------|------|--------||---------||---------|
|       Comp       |  Pin | Size |  BW  | S x BW ||  Delay  ||   LUT   |
|------------------|------|------|------|--------||---------||---------|
| grp_access_fu_80 |  p0  |   2  |   6  |   12   ||    9    |
|------------------|------|------|------|--------||---------||---------|
|       Total      |      |      |      |   12   ||   1.61  ||    9    |
|------------------|------|------|------|--------||---------||---------|



* Summary:
+-----------+--------+--------+--------+
|           |  Delay |   FF   |   LUT  |
+-----------+--------+--------+--------+
|  Function |    -   |    0   |   83   |
|   Memory  |    -   |    -   |    -   |
|Multiplexer|    1   |    -   |    9   |
|  Register |    -   |   25   |    -   |
+-----------+--------+--------+--------+
|   Total   |    1   |   25   |   92   |
+-----------+--------+--------+--------+
