

================================================================
== Vitis HLS Report for 'matrixmul_Pipeline_Row_a10_sum10'
================================================================
* Date:           Mon Feb 19 18:57:09 2024

* Version:        2023.1 (Build 3854077 on May  4 2023)
* Project:        hls_matriz
* Solution:       solution_area (Vivado IP Flow Target)
* Product family: artix7
* Target device:  xc7a35t-csg325-1


================================================================
== Performance Estimates
================================================================
+ Timing: 
    * Summary: 
    +--------+----------+----------+------------+
    |  Clock |  Target  | Estimated| Uncertainty|
    +--------+----------+----------+------------+
    |ap_clk  |  10.00 ns|  5.951 ns|     2.70 ns|
    +--------+----------+----------+------------+

+ Latency: 
    * Summary: 
    +---------+---------+----------+----------+-----+-----+---------+
    |  Latency (cycles) |  Latency (absolute) |  Interval | Pipeline|
    |   min   |   max   |    min   |    max   | min | max |   Type  |
    +---------+---------+----------+----------+-----+-----+---------+
    |       18|       18|  0.180 us|  0.180 us|   18|   18|       no|
    +---------+---------+----------+----------+-----+-----+---------+

    + Detail: 
        * Instance: 
        N/A

        * Loop: 
        +-----------------+---------+---------+----------+-----------+-----------+------+----------+
        |                 |  Latency (cycles) | Iteration|  Initiation Interval  | Trip |          |
        |    Loop Name    |   min   |   max   |  Latency |  achieved |   target  | Count| Pipelined|
        +-----------------+---------+---------+----------+-----------+-----------+------+----------+
        |- Row_a10_sum10  |       16|       16|         2|          1|          1|    16|       yes|
        +-----------------+---------+---------+----------+-----------+-----------+------+----------+

============================================================
+ Verbose Summary: Synthesis Manager
============================================================
InlineROM: 1
ExposeGlobal: 0
============================================================
+ Verbose Summary: CDFG Model
============================================================
IsTopModel: 0
ResetActiveHigh: 1
IsCombinational: 0
IsDatapathOnly: 0
HasWiredReturn: 1
HasMFsm: 2
HasVarLatency: 1
IsPipeline: 0
IsRtlPipelined: 0
IsInstanceOverlapped: 0
IsDontTouch: 0
HasImplIP: 0
IsGatedGlobalClock: 0

+ Individual pipeline summary: 
  * Pipeline-0: initiation interval (II) = 1, depth = 2


============================================================
+ Verbose Summary: Schedule
============================================================
* Number of FSM states : 2
* Pipeline : 1
  Pipeline-0 : II = 1, D = 2, States = { 1 2 }
* Dataflow Pipeline: 0

* FSM state transitions: 
1 --> 2 
2 --> 

* FSM state operations: 

State 1 <SV = 0> <Delay = 5.95>
ST_1 : Operation 5 [1/1] (0.00ns)   --->   "%empty = alloca i32 1"   --->   Operation 5 'alloca' 'empty' <Predicate = true> <Delay = 0.00>
ST_1 : Operation 6 [1/1] (0.00ns)   --->   "%j_a = alloca i32 1"   --->   Operation 6 'alloca' 'j_a' <Predicate = true> <Delay = 0.00>
ST_1 : Operation 7 [1/1] (0.00ns)   --->   "%i_a = alloca i32 1"   --->   Operation 7 'alloca' 'i_a' <Predicate = true> <Delay = 0.00>
ST_1 : Operation 8 [1/1] (0.00ns)   --->   "%indvar_flatten16 = alloca i32 1"   --->   Operation 8 'alloca' 'indvar_flatten16' <Predicate = true> <Delay = 0.00>
ST_1 : Operation 9 [1/1] (0.00ns)   --->   "%specinterface_ln0 = specinterface void @_ssdm_op_SpecInterface, i8 %a, void @empty, i32 0, i32 0, void @empty_0, i32 4294967295, i32 0, void @empty_0, void @empty_0, void @empty_0, i32 0, i32 0, i32 0, i32 0, void @empty_0, void @empty_0, i32 4294967295, i32 0"   --->   Operation 9 'specinterface' 'specinterface_ln0' <Predicate = true> <Delay = 0.00>
ST_1 : Operation 10 [1/1] (1.61ns)   --->   "%store_ln0 = store i5 0, i5 %indvar_flatten16"   --->   Operation 10 'store' 'store_ln0' <Predicate = true> <Delay = 1.61>
ST_1 : Operation 11 [1/1] (1.61ns)   --->   "%store_ln0 = store i3 0, i3 %i_a"   --->   Operation 11 'store' 'store_ln0' <Predicate = true> <Delay = 1.61>
ST_1 : Operation 12 [1/1] (1.61ns)   --->   "%store_ln0 = store i3 0, i3 %j_a"   --->   Operation 12 'store' 'store_ln0' <Predicate = true> <Delay = 1.61>
ST_1 : Operation 13 [1/1] (1.61ns)   --->   "%store_ln0 = store i8 0, i8 %empty"   --->   Operation 13 'store' 'store_ln0' <Predicate = true> <Delay = 1.61>
ST_1 : Operation 14 [1/1] (0.00ns)   --->   "%br_ln0 = br void %for.inc62"   --->   Operation 14 'br' 'br_ln0' <Predicate = true> <Delay = 0.00>
ST_1 : Operation 15 [1/1] (0.00ns)   --->   "%indvar_flatten16_load = load i5 %indvar_flatten16" [matrixmul.cpp:69]   --->   Operation 15 'load' 'indvar_flatten16_load' <Predicate = true> <Delay = 0.00>
ST_1 : Operation 16 [1/1] (0.00ns)   --->   "%specpipeline_ln0 = specpipeline void @_ssdm_op_SpecPipeline, i32 4294967295, i32 0, i32 1, i32 0, void @p_str"   --->   Operation 16 'specpipeline' 'specpipeline_ln0' <Predicate = true> <Delay = 0.00>
ST_1 : Operation 17 [1/1] (1.86ns)   --->   "%icmp_ln69 = icmp_eq  i5 %indvar_flatten16_load, i5 16" [matrixmul.cpp:69]   --->   Operation 17 'icmp' 'icmp_ln69' <Predicate = true> <Delay = 1.86> <CoreInst = "Cmp">   --->   Core 9 'Cmp' <Latency = 0> <II = 1> <Delay = 1.86> <FuncUnit> <Opcode : 'icmp'> <InPorts = 2> <OutPorts = 1>
ST_1 : Operation 18 [1/1] (1.86ns)   --->   "%add_ln69_1 = add i5 %indvar_flatten16_load, i5 1" [matrixmul.cpp:69]   --->   Operation 18 'add' 'add_ln69_1' <Predicate = true> <Delay = 1.86> <CoreInst = "Adder">   --->   Core 1 'Adder' <Latency = 0> <II = 1> <Delay = 1.86> <FuncUnit> <Opcode : 'add' 'sub'> <InPorts = 2> <OutPorts = 1>
ST_1 : Operation 19 [1/1] (0.00ns)   --->   "%br_ln69 = br i1 %icmp_ln69, void %for.inc65, void %for.inc90.preheader.exitStub" [matrixmul.cpp:69]   --->   Operation 19 'br' 'br_ln69' <Predicate = true> <Delay = 0.00>
ST_1 : Operation 20 [1/1] (0.00ns)   --->   "%j_a_load = load i3 %j_a" [matrixmul.cpp:70]   --->   Operation 20 'load' 'j_a_load' <Predicate = (!icmp_ln69)> <Delay = 0.00>
ST_1 : Operation 21 [1/1] (0.00ns)   --->   "%i_a_load = load i3 %i_a" [matrixmul.cpp:69]   --->   Operation 21 'load' 'i_a_load' <Predicate = (!icmp_ln69)> <Delay = 0.00>
ST_1 : Operation 22 [1/1] (1.68ns)   --->   "%add_ln69 = add i3 %i_a_load, i3 1" [matrixmul.cpp:69]   --->   Operation 22 'add' 'add_ln69' <Predicate = (!icmp_ln69)> <Delay = 1.68> <CoreInst = "Adder">   --->   Core 1 'Adder' <Latency = 0> <II = 1> <Delay = 1.68> <FuncUnit> <Opcode : 'add' 'sub'> <InPorts = 2> <OutPorts = 1>
ST_1 : Operation 23 [1/1] (1.68ns)   --->   "%icmp_ln70 = icmp_eq  i3 %j_a_load, i3 4" [matrixmul.cpp:70]   --->   Operation 23 'icmp' 'icmp_ln70' <Predicate = (!icmp_ln69)> <Delay = 1.68> <CoreInst = "Cmp">   --->   Core 9 'Cmp' <Latency = 0> <II = 1> <Delay = 1.68> <FuncUnit> <Opcode : 'icmp'> <InPorts = 2> <OutPorts = 1>
ST_1 : Operation 24 [1/1] (0.98ns)   --->   "%select_ln71 = select i1 %icmp_ln70, i3 0, i3 %j_a_load" [matrixmul.cpp:71]   --->   Operation 24 'select' 'select_ln71' <Predicate = (!icmp_ln69)> <Delay = 0.98> <CoreInst = "Sel">   --->   Core 73 'Sel' <Latency = 0> <II = 1> <Delay = 0.98> <FuncUnit> <Opcode : 'select'> <InPorts = 3> <OutPorts = 1>
ST_1 : Operation 25 [1/1] (1.68ns)   --->   "%p_mid1 = add i3 %i_a_load, i3 5" [matrixmul.cpp:69]   --->   Operation 25 'add' 'p_mid1' <Predicate = (!icmp_ln69)> <Delay = 1.68> <CoreInst = "Adder">   --->   Core 1 'Adder' <Latency = 0> <II = 1> <Delay = 1.68> <FuncUnit> <Opcode : 'add' 'sub'> <InPorts = 2> <OutPorts = 1>
ST_1 : Operation 26 [1/1] (0.00ns) (grouped into LUT with out node select_ln71_1)   --->   "%empty_15 = xor i3 %i_a_load, i3 4" [matrixmul.cpp:69]   --->   Operation 26 'xor' 'empty_15' <Predicate = (!icmp_ln69)> <Delay = 0.00> <CoreInst = "LogicGate">   --->   Core 74 'LogicGate' <Latency = 0> <II = 1> <Delay = 0.99> <FuncUnit> <Opcode : 'and' 'or' 'xor'> <InPorts = 2> <OutPorts = 1>
ST_1 : Operation 27 [1/1] (0.99ns) (out node of the LUT)   --->   "%select_ln71_1 = select i1 %icmp_ln70, i3 %p_mid1, i3 %empty_15" [matrixmul.cpp:71]   --->   Operation 27 'select' 'select_ln71_1' <Predicate = (!icmp_ln69)> <Delay = 0.99> <CoreInst = "Sel">   --->   Core 73 'Sel' <Latency = 0> <II = 1> <Delay = 0.98> <FuncUnit> <Opcode : 'select'> <InPorts = 3> <OutPorts = 1>
ST_1 : Operation 28 [1/1] (0.98ns)   --->   "%select_ln69 = select i1 %icmp_ln70, i3 %add_ln69, i3 %i_a_load" [matrixmul.cpp:69]   --->   Operation 28 'select' 'select_ln69' <Predicate = (!icmp_ln69)> <Delay = 0.98> <CoreInst = "Sel">   --->   Core 73 'Sel' <Latency = 0> <II = 1> <Delay = 0.98> <FuncUnit> <Opcode : 'select'> <InPorts = 3> <OutPorts = 1>
ST_1 : Operation 29 [1/1] (0.00ns)   --->   "%tmp_2 = bitconcatenate i6 @_ssdm_op_BitConcatenate.i6.i3.i3, i3 %select_ln71_1, i3 %select_ln71" [matrixmul.cpp:71]   --->   Operation 29 'bitconcatenate' 'tmp_2' <Predicate = (!icmp_ln69)> <Delay = 0.00>
ST_1 : Operation 30 [1/1] (0.00ns)   --->   "%zext_ln71 = zext i6 %tmp_2" [matrixmul.cpp:71]   --->   Operation 30 'zext' 'zext_ln71' <Predicate = (!icmp_ln69)> <Delay = 0.00>
ST_1 : Operation 31 [1/1] (0.00ns)   --->   "%a_addr = getelementptr i8 %a, i64 0, i64 %zext_ln71" [matrixmul.cpp:71]   --->   Operation 31 'getelementptr' 'a_addr' <Predicate = (!icmp_ln69)> <Delay = 0.00>
ST_1 : Operation 32 [2/2] (2.15ns)   --->   "%a_load = load i6 %a_addr" [matrixmul.cpp:71]   --->   Operation 32 'load' 'a_load' <Predicate = (!icmp_ln69)> <Delay = 2.15> <CoreInst = "RAM">   --->   Core 82 'RAM' <Latency = 1> <II = 1> <Delay = 2.15> <Storage> <Opcode : 'load' 'store'> <Ports = 2> <Width = 8> <Depth = 64> <RAM>
ST_1 : Operation 33 [1/1] (1.68ns)   --->   "%add_ln70 = add i3 %select_ln71, i3 1" [matrixmul.cpp:70]   --->   Operation 33 'add' 'add_ln70' <Predicate = (!icmp_ln69)> <Delay = 1.68> <CoreInst = "Adder">   --->   Core 1 'Adder' <Latency = 0> <II = 1> <Delay = 1.68> <FuncUnit> <Opcode : 'add' 'sub'> <InPorts = 2> <OutPorts = 1>
ST_1 : Operation 34 [1/1] (1.61ns)   --->   "%store_ln70 = store i5 %add_ln69_1, i5 %indvar_flatten16" [matrixmul.cpp:70]   --->   Operation 34 'store' 'store_ln70' <Predicate = (!icmp_ln69)> <Delay = 1.61>
ST_1 : Operation 35 [1/1] (1.61ns)   --->   "%store_ln70 = store i3 %select_ln69, i3 %i_a" [matrixmul.cpp:70]   --->   Operation 35 'store' 'store_ln70' <Predicate = (!icmp_ln69)> <Delay = 1.61>
ST_1 : Operation 36 [1/1] (1.61ns)   --->   "%store_ln70 = store i3 %add_ln70, i3 %j_a" [matrixmul.cpp:70]   --->   Operation 36 'store' 'store_ln70' <Predicate = (!icmp_ln69)> <Delay = 1.61>
ST_1 : Operation 46 [1/1] (0.00ns)   --->   "%p_load1 = load i8 %empty"   --->   Operation 46 'load' 'p_load1' <Predicate = (icmp_ln69)> <Delay = 0.00>
ST_1 : Operation 47 [1/1] (0.00ns)   --->   "%write_ln0 = write void @_ssdm_op_Write.ap_auto.i8P0A, i8 %p_out, i8 %p_load1"   --->   Operation 47 'write' 'write_ln0' <Predicate = (icmp_ln69)> <Delay = 0.00>
ST_1 : Operation 48 [1/1] (0.00ns)   --->   "%ret_ln0 = ret"   --->   Operation 48 'ret' 'ret_ln0' <Predicate = (icmp_ln69)> <Delay = 0.00>

State 2 <SV = 1> <Delay = 5.87>
ST_2 : Operation 37 [1/1] (0.00ns)   --->   "%p_load = load i8 %empty" [matrixmul.cpp:71]   --->   Operation 37 'load' 'p_load' <Predicate = true> <Delay = 0.00>
ST_2 : Operation 38 [1/1] (0.00ns)   --->   "%specloopname_ln0 = specloopname void @_ssdm_op_SpecLoopName, void @Row_a10_sum10_str"   --->   Operation 38 'specloopname' 'specloopname_ln0' <Predicate = true> <Delay = 0.00>
ST_2 : Operation 39 [1/1] (0.00ns)   --->   "%speclooptripcount_ln0 = speclooptripcount void @_ssdm_op_SpecLoopTripCount, i64 16, i64 16, i64 16"   --->   Operation 39 'speclooptripcount' 'speclooptripcount_ln0' <Predicate = true> <Delay = 0.00>
ST_2 : Operation 40 [1/1] (0.00ns)   --->   "%specpipeline_ln0 = specpipeline void @_ssdm_op_SpecPipeline, i32 4294967295, i32 0, i32 1, i32 0, void @p_str"   --->   Operation 40 'specpipeline' 'specpipeline_ln0' <Predicate = true> <Delay = 0.00>
ST_2 : Operation 41 [1/1] (0.00ns)   --->   "%specloopname_ln70 = specloopname void @_ssdm_op_SpecLoopName, void @empty_4" [matrixmul.cpp:70]   --->   Operation 41 'specloopname' 'specloopname_ln70' <Predicate = true> <Delay = 0.00>
ST_2 : Operation 42 [1/2] (2.15ns)   --->   "%a_load = load i6 %a_addr" [matrixmul.cpp:71]   --->   Operation 42 'load' 'a_load' <Predicate = true> <Delay = 2.15> <CoreInst = "RAM">   --->   Core 82 'RAM' <Latency = 1> <II = 1> <Delay = 2.15> <Storage> <Opcode : 'load' 'store'> <Ports = 2> <Width = 8> <Depth = 64> <RAM>
ST_2 : Operation 43 [1/1] (2.11ns)   --->   "%add_ln71 = add i8 %a_load, i8 %p_load" [matrixmul.cpp:71]   --->   Operation 43 'add' 'add_ln71' <Predicate = true> <Delay = 2.11> <CoreInst = "Adder">   --->   Core 1 'Adder' <Latency = 0> <II = 1> <Delay = 2.11> <FuncUnit> <Opcode : 'add' 'sub'> <InPorts = 2> <OutPorts = 1>
ST_2 : Operation 44 [1/1] (1.61ns)   --->   "%store_ln70 = store i8 %add_ln71, i8 %empty" [matrixmul.cpp:70]   --->   Operation 44 'store' 'store_ln70' <Predicate = true> <Delay = 1.61>
ST_2 : Operation 45 [1/1] (0.00ns)   --->   "%br_ln70 = br void %for.inc62" [matrixmul.cpp:70]   --->   Operation 45 'br' 'br_ln70' <Predicate = true> <Delay = 0.00>


============================================================
+ Verbose Summary: Timing violations
============================================================
Target clock period: 10.000ns, clock uncertainty: 2.700ns.

 <State 1>: 5.951ns
The critical path consists of the following:
	'alloca' operation ('j_a') [4]  (0.000 ns)
	'load' operation ('j_a_load', matrixmul.cpp:70) on local variable 'j_a' [21]  (0.000 ns)
	'icmp' operation ('icmp_ln70', matrixmul.cpp:70) [26]  (1.680 ns)
	'select' operation ('select_ln71', matrixmul.cpp:71) [27]  (0.980 ns)
	'add' operation ('add_ln70', matrixmul.cpp:70) [39]  (1.680 ns)
	'store' operation ('store_ln70', matrixmul.cpp:70) of variable 'add_ln70', matrixmul.cpp:70 on local variable 'j_a' [42]  (1.610 ns)

 <State 2>: 5.877ns
The critical path consists of the following:
	'load' operation ('a_load', matrixmul.cpp:71) on array 'a' [37]  (2.152 ns)
	'add' operation ('add_ln71', matrixmul.cpp:71) [38]  (2.115 ns)
	'store' operation ('store_ln70', matrixmul.cpp:70) of variable 'add_ln71', matrixmul.cpp:71 on local variable 'empty' [43]  (1.610 ns)


============================================================
+ Verbose Summary: Binding
============================================================
N/A
* FSMD analyzer results:
  - Output states:
 - Input state : 
  - Chain level:
	State 1
	State 2


============================================================
+ Verbose Summary: Datapath Resource usage 
============================================================
N/A
