INFO: [VRFC 10-163] Analyzing VHDL file "/media/juliana/LinFiles/Documents/GitHub/Sistemas-Digitais/Neander/Neander.ip_user_files/ipstatic/blk_mem_gen_v8_3_1/simulation/blk_mem_gen_v8_3.vhd" into library blk_mem_gen_v8_3_1
INFO: [VRFC 10-307] analyzing entity blk_mem_axi_regs_fwd_v8_3
INFO: [VRFC 10-307] analyzing entity blk_mem_axi_write_wrapper_beh
INFO: [VRFC 10-307] analyzing entity write_netlist
INFO: [VRFC 10-307] analyzing entity blk_mem_axi_read_wrapper_beh
INFO: [VRFC 10-307] analyzing entity read_netlist
INFO: [VRFC 10-307] analyzing entity blk_mem_gen_v8_3_1_output_stage
INFO: [VRFC 10-307] analyzing entity blk_mem_gen_v8_3_1_softecc_output_reg_stage
INFO: [VRFC 10-307] analyzing entity blk_mem_gen_v8_3_1_mem_module
INFO: [VRFC 10-307] analyzing entity blk_mem_gen_v8_3_1
INFO: [VRFC 10-307] analyzing entity beh_ff_clr
INFO: [VRFC 10-307] analyzing entity beh_ff_ce
INFO: [VRFC 10-307] analyzing entity beh_ff_pre
INFO: [VRFC 10-307] analyzing entity beh_muxf7
INFO: [VRFC 10-307] analyzing entity STATE_LOGIC
INFO: [VRFC 10-163] Analyzing VHDL file "/media/juliana/LinFiles/Documents/GitHub/Sistemas-Digitais/Neander/Neander.srcs/sources_1/ip/mem_neander_1/sim/mem_neander.vhd" into library xil_defaultlib
INFO: [VRFC 10-307] analyzing entity mem_neander
INFO: [VRFC 10-163] Analyzing VHDL file "/media/juliana/LinFiles/Documents/GitHub/Sistemas-Digitais/Neander/Neander.srcs/sources_1/new/datapath.vhd" into library xil_defaultlib
INFO: [VRFC 10-307] analyzing entity datapath
INFO: [VRFC 10-163] Analyzing VHDL file "/media/juliana/LinFiles/Documents/GitHub/Sistemas-Digitais/Neander/Neander.srcs/sources_1/new/control.vhd" into library xil_defaultlib
INFO: [VRFC 10-307] analyzing entity control
INFO: [VRFC 10-163] Analyzing VHDL file "/media/juliana/LinFiles/Documents/GitHub/Sistemas-Digitais/Neander/Neander.srcs/sources_1/new/neander.vhd" into library xil_defaultlib
INFO: [VRFC 10-307] analyzing entity neander
INFO: [VRFC 10-163] Analyzing VHDL file "/media/juliana/LinFiles/Documents/GitHub/Sistemas-Digitais/Neander/Neander.srcs/sim_1/new/neander_tb.vhd" into library xil_defaultlib
INFO: [VRFC 10-307] analyzing entity neander_tb
INFO: [VRFC 10-163] Analyzing VHDL file "/media/juliana/LinFiles/Documents/GitHub/Sistemas-Digitais/Neander/Neander.ip_user_files/ipstatic/blk_mem_gen_v8_3_1/simulation/blk_mem_gen_v8_3.vhd" into library blk_mem_gen_v8_3_1
INFO: [VRFC 10-307] analyzing entity blk_mem_axi_regs_fwd_v8_3
INFO: [VRFC 10-307] analyzing entity blk_mem_axi_write_wrapper_beh
INFO: [VRFC 10-307] analyzing entity write_netlist
INFO: [VRFC 10-307] analyzing entity blk_mem_axi_read_wrapper_beh
INFO: [VRFC 10-307] analyzing entity read_netlist
INFO: [VRFC 10-307] analyzing entity blk_mem_gen_v8_3_1_output_stage
INFO: [VRFC 10-307] analyzing entity blk_mem_gen_v8_3_1_softecc_output_reg_stage
INFO: [VRFC 10-307] analyzing entity blk_mem_gen_v8_3_1_mem_module
INFO: [VRFC 10-307] analyzing entity blk_mem_gen_v8_3_1
INFO: [VRFC 10-307] analyzing entity beh_ff_clr
INFO: [VRFC 10-307] analyzing entity beh_ff_ce
INFO: [VRFC 10-307] analyzing entity beh_ff_pre
INFO: [VRFC 10-307] analyzing entity beh_muxf7
INFO: [VRFC 10-307] analyzing entity STATE_LOGIC
INFO: [VRFC 10-163] Analyzing VHDL file "/media/juliana/LinFiles/Documents/GitHub/Sistemas-Digitais/Neander/Neander.srcs/sources_1/ip/mem_neander_1/sim/mem_neander.vhd" into library xil_defaultlib
INFO: [VRFC 10-307] analyzing entity mem_neander
INFO: [VRFC 10-163] Analyzing VHDL file "/media/juliana/LinFiles/Documents/GitHub/Sistemas-Digitais/Neander/Neander.srcs/sources_1/new/datapath.vhd" into library xil_defaultlib
INFO: [VRFC 10-307] analyzing entity datapath
INFO: [VRFC 10-163] Analyzing VHDL file "/media/juliana/LinFiles/Documents/GitHub/Sistemas-Digitais/Neander/Neander.srcs/sources_1/new/control.vhd" into library xil_defaultlib
INFO: [VRFC 10-307] analyzing entity control
INFO: [VRFC 10-163] Analyzing VHDL file "/media/juliana/LinFiles/Documents/GitHub/Sistemas-Digitais/Neander/Neander.srcs/sources_1/new/neander.vhd" into library xil_defaultlib
INFO: [VRFC 10-307] analyzing entity neander
INFO: [VRFC 10-163] Analyzing VHDL file "/media/juliana/LinFiles/Documents/GitHub/Sistemas-Digitais/Neander/Neander.srcs/sim_1/new/neander_tb.vhd" into library xil_defaultlib
INFO: [VRFC 10-307] analyzing entity neander_tb
INFO: [VRFC 10-163] Analyzing VHDL file "/media/juliana/LinFiles/Documents/GitHub/Sistemas-Digitais/Neander/Neander.ip_user_files/ipstatic/blk_mem_gen_v8_3_1/simulation/blk_mem_gen_v8_3.vhd" into library blk_mem_gen_v8_3_1
INFO: [VRFC 10-307] analyzing entity blk_mem_axi_regs_fwd_v8_3
INFO: [VRFC 10-307] analyzing entity blk_mem_axi_write_wrapper_beh
INFO: [VRFC 10-307] analyzing entity write_netlist
INFO: [VRFC 10-307] analyzing entity blk_mem_axi_read_wrapper_beh
INFO: [VRFC 10-307] analyzing entity read_netlist
INFO: [VRFC 10-307] analyzing entity blk_mem_gen_v8_3_1_output_stage
INFO: [VRFC 10-307] analyzing entity blk_mem_gen_v8_3_1_softecc_output_reg_stage
INFO: [VRFC 10-307] analyzing entity blk_mem_gen_v8_3_1_mem_module
INFO: [VRFC 10-307] analyzing entity blk_mem_gen_v8_3_1
INFO: [VRFC 10-307] analyzing entity beh_ff_clr
INFO: [VRFC 10-307] analyzing entity beh_ff_ce
INFO: [VRFC 10-307] analyzing entity beh_ff_pre
INFO: [VRFC 10-307] analyzing entity beh_muxf7
INFO: [VRFC 10-307] analyzing entity STATE_LOGIC
INFO: [VRFC 10-163] Analyzing VHDL file "/media/juliana/LinFiles/Documents/GitHub/Sistemas-Digitais/Neander/Neander.srcs/sources_1/ip/mem_neander_1/sim/mem_neander.vhd" into library xil_defaultlib
INFO: [VRFC 10-307] analyzing entity mem_neander
INFO: [VRFC 10-163] Analyzing VHDL file "/media/juliana/LinFiles/Documents/GitHub/Sistemas-Digitais/Neander/Neander.srcs/sources_1/new/datapath.vhd" into library xil_defaultlib
INFO: [VRFC 10-307] analyzing entity datapath
INFO: [VRFC 10-163] Analyzing VHDL file "/media/juliana/LinFiles/Documents/GitHub/Sistemas-Digitais/Neander/Neander.srcs/sources_1/new/control.vhd" into library xil_defaultlib
INFO: [VRFC 10-307] analyzing entity control
INFO: [VRFC 10-163] Analyzing VHDL file "/media/juliana/LinFiles/Documents/GitHub/Sistemas-Digitais/Neander/Neander.srcs/sources_1/new/neander.vhd" into library xil_defaultlib
INFO: [VRFC 10-307] analyzing entity neander
INFO: [VRFC 10-163] Analyzing VHDL file "/media/juliana/LinFiles/Documents/GitHub/Sistemas-Digitais/Neander/Neander.srcs/sim_1/new/neander_tb.vhd" into library xil_defaultlib
INFO: [VRFC 10-307] analyzing entity neander_tb
INFO: [VRFC 10-163] Analyzing VHDL file "/media/juliana/LinFiles/Documents/GitHub/Sistemas-Digitais/Neander/Neander.ip_user_files/ipstatic/blk_mem_gen_v8_3_1/simulation/blk_mem_gen_v8_3.vhd" into library blk_mem_gen_v8_3_1
INFO: [VRFC 10-307] analyzing entity blk_mem_axi_regs_fwd_v8_3
INFO: [VRFC 10-307] analyzing entity blk_mem_axi_write_wrapper_beh
INFO: [VRFC 10-307] analyzing entity write_netlist
INFO: [VRFC 10-307] analyzing entity blk_mem_axi_read_wrapper_beh
INFO: [VRFC 10-307] analyzing entity read_netlist
INFO: [VRFC 10-307] analyzing entity blk_mem_gen_v8_3_1_output_stage
INFO: [VRFC 10-307] analyzing entity blk_mem_gen_v8_3_1_softecc_output_reg_stage
INFO: [VRFC 10-307] analyzing entity blk_mem_gen_v8_3_1_mem_module
INFO: [VRFC 10-307] analyzing entity blk_mem_gen_v8_3_1
INFO: [VRFC 10-307] analyzing entity beh_ff_clr
INFO: [VRFC 10-307] analyzing entity beh_ff_ce
INFO: [VRFC 10-307] analyzing entity beh_ff_pre
INFO: [VRFC 10-307] analyzing entity beh_muxf7
INFO: [VRFC 10-307] analyzing entity STATE_LOGIC
INFO: [VRFC 10-163] Analyzing VHDL file "/media/juliana/LinFiles/Documents/GitHub/Sistemas-Digitais/Neander/Neander.srcs/sources_1/ip/mem_neander_1/sim/mem_neander.vhd" into library xil_defaultlib
INFO: [VRFC 10-307] analyzing entity mem_neander
INFO: [VRFC 10-163] Analyzing VHDL file "/media/juliana/LinFiles/Documents/GitHub/Sistemas-Digitais/Neander/Neander.srcs/sources_1/new/datapath.vhd" into library xil_defaultlib
INFO: [VRFC 10-307] analyzing entity datapath
INFO: [VRFC 10-163] Analyzing VHDL file "/media/juliana/LinFiles/Documents/GitHub/Sistemas-Digitais/Neander/Neander.srcs/sources_1/new/control.vhd" into library xil_defaultlib
INFO: [VRFC 10-307] analyzing entity control
INFO: [VRFC 10-163] Analyzing VHDL file "/media/juliana/LinFiles/Documents/GitHub/Sistemas-Digitais/Neander/Neander.srcs/sources_1/new/neander.vhd" into library xil_defaultlib
INFO: [VRFC 10-307] analyzing entity neander
INFO: [VRFC 10-163] Analyzing VHDL file "/media/juliana/LinFiles/Documents/GitHub/Sistemas-Digitais/Neander/Neander.srcs/sim_1/new/neander_tb.vhd" into library xil_defaultlib
INFO: [VRFC 10-307] analyzing entity neander_tb
